{"C:\\Users\\Rodrigo\\Downloads\\Bagunça\\Códigos\\Tradutor-Libras\\src\\App.tsx": {"path":"C:\\Users\\Rodrigo\\Downloads\\Bagunça\\Códigos\\Tradutor-Libras\\src\\App.tsx","all":false,"statementMap":{"0":{"start":{"line":1,"column":0},"end":{"line":1,"column":64}},"5":{"start":{"line":6,"column":0},"end":{"line":6,"column":31}},"6":{"start":{"line":7,"column":0},"end":{"line":7,"column":10}},"7":{"start":{"line":8,"column":0},"end":{"line":8,"column":19}},"8":{"start":{"line":9,"column":0},"end":{"line":9,"column":14}},"9":{"start":{"line":10,"column":0},"end":{"line":10,"column":45}},"10":{"start":{"line":11,"column":0},"end":{"line":11,"column":65}},"11":{"start":{"line":12,"column":0},"end":{"line":12,"column":49}},"12":{"start":{"line":13,"column":0},"end":{"line":13,"column":15}},"13":{"start":{"line":14,"column":0},"end":{"line":14,"column":20}},"15":{"start":{"line":16,"column":0},"end":{"line":16,"column":1}}},"s":{"0":1,"5":1,"6":1,"7":1,"8":1,"9":1,"10":1,"11":1,"12":1,"13":1,"15":1},"branchMap":{"0":{"type":"branch","line":6,"loc":{"start":{"line":6,"column":0},"end":{"line":16,"column":1}},"locations":[{"start":{"line":6,"column":0},"end":{"line":16,"column":1}}]}},"b":{"0":[1]},"fnMap":{"0":{"name":"App","decl":{"start":{"line":6,"column":0},"end":{"line":16,"column":1}},"loc":{"start":{"line":6,"column":0},"end":{"line":16,"column":1}},"line":6}},"f":{"0":1}}
,"C:\\Users\\Rodrigo\\Downloads\\Bagunça\\Códigos\\Tradutor-Libras\\src\\lib\\libras.ts": {"path":"C:\\Users\\Rodrigo\\Downloads\\Bagunça\\Códigos\\Tradutor-Libras\\src\\lib\\libras.ts","all":false,"statementMap":{"0":{"start":{"line":1,"column":0},"end":{"line":1,"column":3}},"17":{"start":{"line":18,"column":0},"end":{"line":18,"column":29}},"18":{"start":{"line":19,"column":0},"end":{"line":19,"column":32}},"19":{"start":{"line":20,"column":0},"end":{"line":20,"column":28}},"20":{"start":{"line":21,"column":0},"end":{"line":21,"column":61}},"21":{"start":{"line":22,"column":0},"end":{"line":22,"column":30}},"22":{"start":{"line":23,"column":0},"end":{"line":23,"column":40}},"58":{"start":{"line":59,"column":0},"end":{"line":59,"column":70}},"59":{"start":{"line":60,"column":0},"end":{"line":60,"column":50}},"61":{"start":{"line":62,"column":0},"end":{"line":62,"column":43}},"62":{"start":{"line":63,"column":0},"end":{"line":63,"column":35}},"63":{"start":{"line":64,"column":0},"end":{"line":64,"column":40}},"64":{"start":{"line":65,"column":0},"end":{"line":65,"column":40}},"65":{"start":{"line":66,"column":0},"end":{"line":66,"column":44}},"66":{"start":{"line":67,"column":0},"end":{"line":67,"column":44}},"67":{"start":{"line":68,"column":0},"end":{"line":68,"column":5}},"69":{"start":{"line":70,"column":0},"end":{"line":70,"column":3}},"71":{"start":{"line":72,"column":0},"end":{"line":72,"column":18}},"72":{"start":{"line":73,"column":0},"end":{"line":73,"column":1}},"82":{"start":{"line":83,"column":0},"end":{"line":83,"column":34}},"83":{"start":{"line":84,"column":0},"end":{"line":84,"column":25}},"84":{"start":{"line":85,"column":0},"end":{"line":85,"column":22}},"85":{"start":{"line":86,"column":0},"end":{"line":86,"column":17}},"86":{"start":{"line":87,"column":0},"end":{"line":87,"column":55}},"88":{"start":{"line":89,"column":0},"end":{"line":89,"column":45}},"89":{"start":{"line":90,"column":0},"end":{"line":90,"column":39}},"90":{"start":{"line":91,"column":0},"end":{"line":91,"column":59}},"91":{"start":{"line":92,"column":0},"end":{"line":92,"column":3}},"93":{"start":{"line":94,"column":0},"end":{"line":94,"column":20}},"94":{"start":{"line":95,"column":0},"end":{"line":95,"column":1}},"103":{"start":{"line":104,"column":0},"end":{"line":104,"column":26}},"104":{"start":{"line":105,"column":0},"end":{"line":105,"column":38}},"105":{"start":{"line":106,"column":0},"end":{"line":106,"column":26}},"107":{"start":{"line":108,"column":0},"end":{"line":108,"column":45}},"108":{"start":{"line":109,"column":0},"end":{"line":109,"column":27}},"109":{"start":{"line":110,"column":0},"end":{"line":110,"column":3}},"114":{"start":{"line":115,"column":0},"end":{"line":115,"column":35}},"115":{"start":{"line":116,"column":0},"end":{"line":116,"column":28}},"116":{"start":{"line":117,"column":0},"end":{"line":117,"column":44}},"117":{"start":{"line":118,"column":0},"end":{"line":118,"column":26}},"118":{"start":{"line":119,"column":0},"end":{"line":119,"column":5}},"119":{"start":{"line":120,"column":0},"end":{"line":120,"column":3}},"124":{"start":{"line":125,"column":0},"end":{"line":125,"column":21}},"125":{"start":{"line":126,"column":0},"end":{"line":126,"column":46}},"126":{"start":{"line":127,"column":0},"end":{"line":127,"column":3}},"131":{"start":{"line":132,"column":0},"end":{"line":132,"column":29}},"132":{"start":{"line":133,"column":0},"end":{"line":133,"column":28}},"133":{"start":{"line":134,"column":0},"end":{"line":134,"column":3}},"138":{"start":{"line":139,"column":0},"end":{"line":139,"column":30}},"139":{"start":{"line":140,"column":0},"end":{"line":140,"column":57}},"140":{"start":{"line":141,"column":0},"end":{"line":141,"column":36}},"141":{"start":{"line":142,"column":0},"end":{"line":142,"column":3}},"146":{"start":{"line":147,"column":0},"end":{"line":147,"column":17}},"147":{"start":{"line":148,"column":0},"end":{"line":148,"column":21}},"148":{"start":{"line":149,"column":0},"end":{"line":149,"column":3}},"153":{"start":{"line":154,"column":0},"end":{"line":154,"column":22}},"154":{"start":{"line":155,"column":0},"end":{"line":155,"column":30}},"155":{"start":{"line":156,"column":0},"end":{"line":156,"column":3}},"156":{"start":{"line":157,"column":0},"end":{"line":157,"column":1}},"166":{"start":{"line":167,"column":0},"end":{"line":167,"column":31}},"167":{"start":{"line":168,"column":0},"end":{"line":168,"column":34}},"168":{"start":{"line":169,"column":0},"end":{"line":169,"column":29}},"169":{"start":{"line":170,"column":0},"end":{"line":170,"column":42}},"170":{"start":{"line":171,"column":0},"end":{"line":171,"column":28}},"171":{"start":{"line":172,"column":0},"end":{"line":172,"column":24}},"172":{"start":{"line":173,"column":0},"end":{"line":173,"column":25}},"174":{"start":{"line":175,"column":0},"end":{"line":175,"column":43}},"175":{"start":{"line":176,"column":0},"end":{"line":176,"column":36}},"176":{"start":{"line":177,"column":0},"end":{"line":177,"column":32}},"177":{"start":{"line":178,"column":0},"end":{"line":178,"column":25}},"178":{"start":{"line":179,"column":0},"end":{"line":179,"column":5}},"179":{"start":{"line":180,"column":0},"end":{"line":180,"column":3}},"182":{"start":{"line":183,"column":0},"end":{"line":183,"column":41}},"183":{"start":{"line":184,"column":0},"end":{"line":184,"column":16}},"184":{"start":{"line":185,"column":0},"end":{"line":185,"column":3}},"186":{"start":{"line":187,"column":0},"end":{"line":187,"column":64}},"188":{"start":{"line":189,"column":0},"end":{"line":189,"column":10}},"189":{"start":{"line":190,"column":0},"end":{"line":190,"column":11}},"190":{"start":{"line":191,"column":0},"end":{"line":191,"column":31}},"191":{"start":{"line":192,"column":0},"end":{"line":192,"column":30}},"192":{"start":{"line":193,"column":0},"end":{"line":193,"column":26}},"193":{"start":{"line":194,"column":0},"end":{"line":194,"column":4}},"194":{"start":{"line":195,"column":0},"end":{"line":195,"column":1}},"199":{"start":{"line":200,"column":0},"end":{"line":200,"column":33}},"200":{"start":{"line":201,"column":0},"end":{"line":201,"column":21}},"201":{"start":{"line":202,"column":0},"end":{"line":202,"column":28}},"202":{"start":{"line":203,"column":0},"end":{"line":203,"column":11}},"203":{"start":{"line":204,"column":0},"end":{"line":204,"column":60}},"204":{"start":{"line":205,"column":0},"end":{"line":205,"column":1}},"213":{"start":{"line":214,"column":0},"end":{"line":214,"column":35}},"214":{"start":{"line":215,"column":0},"end":{"line":215,"column":24}},"215":{"start":{"line":216,"column":0},"end":{"line":216,"column":25}},"216":{"start":{"line":217,"column":0},"end":{"line":217,"column":22}},"217":{"start":{"line":218,"column":0},"end":{"line":218,"column":26}},"219":{"start":{"line":220,"column":0},"end":{"line":220,"column":81}},"222":{"start":{"line":223,"column":0},"end":{"line":223,"column":64}},"223":{"start":{"line":224,"column":0},"end":{"line":224,"column":53}},"224":{"start":{"line":225,"column":0},"end":{"line":225,"column":57}},"225":{"start":{"line":226,"column":0},"end":{"line":226,"column":3}},"227":{"start":{"line":228,"column":0},"end":{"line":228,"column":76}},"228":{"start":{"line":229,"column":0},"end":{"line":229,"column":42}},"230":{"start":{"line":231,"column":0},"end":{"line":231,"column":7}},"232":{"start":{"line":233,"column":0},"end":{"line":233,"column":59}},"233":{"start":{"line":234,"column":0},"end":{"line":234,"column":49}},"234":{"start":{"line":235,"column":0},"end":{"line":235,"column":40}},"235":{"start":{"line":236,"column":0},"end":{"line":236,"column":13}},"237":{"start":{"line":238,"column":0},"end":{"line":238,"column":26}},"238":{"start":{"line":239,"column":0},"end":{"line":239,"column":23}},"239":{"start":{"line":240,"column":0},"end":{"line":240,"column":29}},"240":{"start":{"line":241,"column":0},"end":{"line":241,"column":5}},"241":{"start":{"line":242,"column":0},"end":{"line":242,"column":3}},"242":{"start":{"line":243,"column":0},"end":{"line":243,"column":1}},"251":{"start":{"line":252,"column":0},"end":{"line":252,"column":63}},"253":{"start":{"line":254,"column":0},"end":{"line":254,"column":70}},"254":{"start":{"line":255,"column":0},"end":{"line":255,"column":56}},"255":{"start":{"line":256,"column":0},"end":{"line":256,"column":26}},"256":{"start":{"line":257,"column":0},"end":{"line":257,"column":33}},"257":{"start":{"line":258,"column":0},"end":{"line":258,"column":5}},"259":{"start":{"line":260,"column":0},"end":{"line":260,"column":27}},"260":{"start":{"line":261,"column":0},"end":{"line":261,"column":108}},"261":{"start":{"line":262,"column":0},"end":{"line":262,"column":3}},"262":{"start":{"line":263,"column":0},"end":{"line":263,"column":28}},"263":{"start":{"line":264,"column":0},"end":{"line":264,"column":117}},"264":{"start":{"line":265,"column":0},"end":{"line":265,"column":3}},"266":{"start":{"line":267,"column":0},"end":{"line":267,"column":59}},"267":{"start":{"line":268,"column":0},"end":{"line":268,"column":66}},"269":{"start":{"line":270,"column":0},"end":{"line":270,"column":41}},"270":{"start":{"line":271,"column":0},"end":{"line":271,"column":1}},"279":{"start":{"line":280,"column":0},"end":{"line":280,"column":28}},"280":{"start":{"line":281,"column":0},"end":{"line":281,"column":17}},"281":{"start":{"line":282,"column":0},"end":{"line":282,"column":13}},"287":{"start":{"line":288,"column":0},"end":{"line":288,"column":36}},"288":{"start":{"line":289,"column":0},"end":{"line":289,"column":66}},"289":{"start":{"line":290,"column":0},"end":{"line":290,"column":66}},"290":{"start":{"line":291,"column":0},"end":{"line":291,"column":16}},"291":{"start":{"line":292,"column":0},"end":{"line":292,"column":3}},"294":{"start":{"line":295,"column":0},"end":{"line":295,"column":34}},"297":{"start":{"line":298,"column":0},"end":{"line":298,"column":41}},"299":{"start":{"line":300,"column":0},"end":{"line":300,"column":55}},"300":{"start":{"line":301,"column":0},"end":{"line":301,"column":27}},"301":{"start":{"line":302,"column":0},"end":{"line":302,"column":40}},"302":{"start":{"line":303,"column":0},"end":{"line":303,"column":40}},"303":{"start":{"line":304,"column":0},"end":{"line":304,"column":42}},"305":{"start":{"line":306,"column":0},"end":{"line":306,"column":23}},"306":{"start":{"line":307,"column":0},"end":{"line":307,"column":36}},"307":{"start":{"line":308,"column":0},"end":{"line":308,"column":3}},"309":{"start":{"line":310,"column":0},"end":{"line":310,"column":42}},"311":{"start":{"line":312,"column":0},"end":{"line":312,"column":19}},"312":{"start":{"line":313,"column":0},"end":{"line":313,"column":1}},"318":{"start":{"line":319,"column":0},"end":{"line":319,"column":54}},"319":{"start":{"line":320,"column":0},"end":{"line":320,"column":14}},"320":{"start":{"line":321,"column":0},"end":{"line":321,"column":19}},"321":{"start":{"line":322,"column":0},"end":{"line":322,"column":15}},"322":{"start":{"line":323,"column":0},"end":{"line":323,"column":16}},"323":{"start":{"line":324,"column":0},"end":{"line":324,"column":13}},"324":{"start":{"line":325,"column":0},"end":{"line":325,"column":13}},"325":{"start":{"line":326,"column":0},"end":{"line":326,"column":19}},"326":{"start":{"line":327,"column":0},"end":{"line":327,"column":16}},"327":{"start":{"line":328,"column":0},"end":{"line":328,"column":19}},"328":{"start":{"line":329,"column":0},"end":{"line":329,"column":20}},"329":{"start":{"line":330,"column":0},"end":{"line":330,"column":17}},"330":{"start":{"line":331,"column":0},"end":{"line":331,"column":2}}},"s":{"0":1,"17":1,"18":1,"19":1,"20":1,"21":1,"22":1,"58":1,"59":5,"61":5,"62":165,"63":100,"64":100,"65":100,"66":100,"67":100,"69":165,"71":5,"72":5,"82":1,"83":66,"84":66,"85":66,"86":66,"88":66,"89":6534,"90":6534,"91":6534,"93":66,"94":66,"103":1,"104":1,"105":13,"107":1,"108":13,"109":13,"114":1,"115":185,"116":185,"117":30,"118":30,"119":185,"124":1,"125":5,"126":5,"131":1,"132":4,"133":4,"138":1,"139":3,"140":3,"141":3,"146":1,"147":1,"148":1,"153":1,"154":8,"155":8,"156":1,"166":1,"167":13,"168":13,"169":13,"170":13,"171":13,"172":13,"174":13,"175":143,"176":16,"177":16,"178":16,"179":143,"182":13,"183":3,"184":3,"186":10,"188":10,"189":10,"190":10,"191":10,"192":10,"193":10,"194":10,"199":1,"200":15,"201":15,"202":15,"203":15,"204":15,"213":2,"214":2,"215":2,"216":2,"217":2,"219":2,"222":2,"223":2,"224":60,"225":60,"227":2,"228":2,"230":2,"232":2,"233":2,"234":1,"235":2,"237":2,"238":2,"239":1,"240":1,"241":2,"242":2,"251":3,"253":3,"254":3,"255":3,"256":3,"257":3,"259":3,"260":1,"261":1,"262":3,"263":1,"264":1,"266":1,"267":1,"269":1,"270":1,"279":1,"280":8,"281":8,"287":8,"288":8,"289":1,"290":1,"291":1,"294":7,"297":7,"299":7,"300":7,"301":8,"302":8,"303":8,"305":8,"306":1,"307":1,"309":7,"311":7,"312":7,"318":1,"319":1,"320":1,"321":1,"322":1,"323":1,"324":1,"325":1,"326":1,"327":1,"328":1,"329":1,"330":1},"branchMap":{"0":{"type":"branch","line":59,"loc":{"start":{"line":59,"column":7},"end":{"line":73,"column":1}},"locations":[{"start":{"line":59,"column":7},"end":{"line":73,"column":1}}]},"1":{"type":"branch","line":62,"loc":{"start":{"line":62,"column":42},"end":{"line":70,"column":3}},"locations":[{"start":{"line":62,"column":42},"end":{"line":70,"column":3}}]},"2":{"type":"branch","line":63,"loc":{"start":{"line":63,"column":34},"end":{"line":68,"column":5}},"locations":[{"start":{"line":63,"column":34},"end":{"line":68,"column":5}}]},"3":{"type":"branch","line":65,"loc":{"start":{"line":65,"column":33},"end":{"line":65,"column":40}},"locations":[{"start":{"line":65,"column":33},"end":{"line":65,"column":40}}]},"4":{"type":"branch","line":66,"loc":{"start":{"line":66,"column":37},"end":{"line":66,"column":44}},"locations":[{"start":{"line":66,"column":37},"end":{"line":66,"column":44}}]},"5":{"type":"branch","line":67,"loc":{"start":{"line":67,"column":37},"end":{"line":67,"column":44}},"locations":[{"start":{"line":67,"column":37},"end":{"line":67,"column":44}}]},"6":{"type":"branch","line":83,"loc":{"start":{"line":83,"column":7},"end":{"line":95,"column":1}},"locations":[{"start":{"line":83,"column":7},"end":{"line":95,"column":1}}]},"7":{"type":"branch","line":89,"loc":{"start":{"line":89,"column":44},"end":{"line":92,"column":3}},"locations":[{"start":{"line":89,"column":44},"end":{"line":92,"column":3}}]},"8":{"type":"branch","line":90,"loc":{"start":{"line":90,"column":32},"end":{"line":90,"column":39}},"locations":[{"start":{"line":90,"column":32},"end":{"line":90,"column":39}}]},"9":{"type":"branch","line":105,"loc":{"start":{"line":105,"column":10},"end":{"line":106,"column":26}},"locations":[{"start":{"line":105,"column":10},"end":{"line":106,"column":26}}]},"10":{"type":"branch","line":108,"loc":{"start":{"line":108,"column":2},"end":{"line":110,"column":3}},"locations":[{"start":{"line":108,"column":2},"end":{"line":110,"column":3}}]},"11":{"type":"branch","line":115,"loc":{"start":{"line":115,"column":2},"end":{"line":120,"column":3}},"locations":[{"start":{"line":115,"column":2},"end":{"line":120,"column":3}}]},"12":{"type":"branch","line":117,"loc":{"start":{"line":117,"column":43},"end":{"line":119,"column":5}},"locations":[{"start":{"line":117,"column":43},"end":{"line":119,"column":5}}]},"13":{"type":"branch","line":125,"loc":{"start":{"line":125,"column":2},"end":{"line":127,"column":3}},"locations":[{"start":{"line":125,"column":2},"end":{"line":127,"column":3}}]},"14":{"type":"branch","line":132,"loc":{"start":{"line":132,"column":2},"end":{"line":134,"column":3}},"locations":[{"start":{"line":132,"column":2},"end":{"line":134,"column":3}}]},"15":{"type":"branch","line":139,"loc":{"start":{"line":139,"column":2},"end":{"line":142,"column":3}},"locations":[{"start":{"line":139,"column":2},"end":{"line":142,"column":3}}]},"16":{"type":"branch","line":147,"loc":{"start":{"line":147,"column":2},"end":{"line":149,"column":3}},"locations":[{"start":{"line":147,"column":2},"end":{"line":149,"column":3}}]},"17":{"type":"branch","line":154,"loc":{"start":{"line":154,"column":2},"end":{"line":156,"column":3}},"locations":[{"start":{"line":154,"column":2},"end":{"line":156,"column":3}}]},"18":{"type":"branch","line":167,"loc":{"start":{"line":167,"column":7},"end":{"line":195,"column":1}},"locations":[{"start":{"line":167,"column":7},"end":{"line":195,"column":1}}]},"19":{"type":"branch","line":175,"loc":{"start":{"line":175,"column":42},"end":{"line":180,"column":3}},"locations":[{"start":{"line":175,"column":42},"end":{"line":180,"column":3}}]},"20":{"type":"branch","line":176,"loc":{"start":{"line":176,"column":35},"end":{"line":179,"column":5}},"locations":[{"start":{"line":176,"column":35},"end":{"line":179,"column":5}}]},"21":{"type":"branch","line":183,"loc":{"start":{"line":183,"column":40},"end":{"line":185,"column":3}},"locations":[{"start":{"line":183,"column":40},"end":{"line":185,"column":3}}]},"22":{"type":"branch","line":185,"loc":{"start":{"line":185,"column":2},"end":{"line":195,"column":1}},"locations":[{"start":{"line":185,"column":2},"end":{"line":195,"column":1}}]},"23":{"type":"branch","line":200,"loc":{"start":{"line":200,"column":7},"end":{"line":205,"column":1}},"locations":[{"start":{"line":200,"column":7},"end":{"line":205,"column":1}}]},"24":{"type":"branch","line":204,"loc":{"start":{"line":204,"column":40},"end":{"line":204,"column":60}},"locations":[{"start":{"line":204,"column":40},"end":{"line":204,"column":60}}]},"25":{"type":"branch","line":214,"loc":{"start":{"line":214,"column":0},"end":{"line":243,"column":1}},"locations":[{"start":{"line":214,"column":0},"end":{"line":243,"column":1}}]},"26":{"type":"branch","line":224,"loc":{"start":{"line":224,"column":52},"end":{"line":226,"column":3}},"locations":[{"start":{"line":224,"column":52},"end":{"line":226,"column":3}}]},"27":{"type":"branch","line":234,"loc":{"start":{"line":234,"column":47},"end":{"line":236,"column":4}},"locations":[{"start":{"line":234,"column":47},"end":{"line":236,"column":4}}]},"28":{"type":"branch","line":239,"loc":{"start":{"line":239,"column":22},"end":{"line":241,"column":5}},"locations":[{"start":{"line":239,"column":22},"end":{"line":241,"column":5}}]},"29":{"type":"branch","line":220,"loc":{"start":{"line":220,"column":38},"end":{"line":220,"column":79}},"locations":[{"start":{"line":220,"column":38},"end":{"line":220,"column":79}}]},"30":{"type":"branch","line":252,"loc":{"start":{"line":252,"column":0},"end":{"line":271,"column":1}},"locations":[{"start":{"line":252,"column":0},"end":{"line":271,"column":1}}]},"31":{"type":"branch","line":260,"loc":{"start":{"line":260,"column":26},"end":{"line":262,"column":3}},"locations":[{"start":{"line":260,"column":26},"end":{"line":262,"column":3}}]},"32":{"type":"branch","line":262,"loc":{"start":{"line":262,"column":2},"end":{"line":263,"column":27}},"locations":[{"start":{"line":262,"column":2},"end":{"line":263,"column":27}}]},"33":{"type":"branch","line":263,"loc":{"start":{"line":263,"column":27},"end":{"line":271,"column":1}},"locations":[{"start":{"line":263,"column":27},"end":{"line":271,"column":1}}]},"34":{"type":"branch","line":280,"loc":{"start":{"line":280,"column":7},"end":{"line":313,"column":1}},"locations":[{"start":{"line":280,"column":7},"end":{"line":313,"column":1}}]},"35":{"type":"branch","line":289,"loc":{"start":{"line":289,"column":65},"end":{"line":292,"column":3}},"locations":[{"start":{"line":289,"column":65},"end":{"line":292,"column":3}}]},"36":{"type":"branch","line":292,"loc":{"start":{"line":292,"column":2},"end":{"line":302,"column":28}},"locations":[{"start":{"line":292,"column":2},"end":{"line":302,"column":28}}]},"37":{"type":"branch","line":302,"loc":{"start":{"line":302,"column":19},"end":{"line":302,"column":36}},"locations":[{"start":{"line":302,"column":19},"end":{"line":302,"column":36}}]},"38":{"type":"branch","line":302,"loc":{"start":{"line":302,"column":28},"end":{"line":302,"column":40}},"locations":[{"start":{"line":302,"column":28},"end":{"line":302,"column":40}}]},"39":{"type":"branch","line":303,"loc":{"start":{"line":303,"column":20},"end":{"line":303,"column":38}},"locations":[{"start":{"line":303,"column":20},"end":{"line":303,"column":38}}]},"40":{"type":"branch","line":303,"loc":{"start":{"line":303,"column":29},"end":{"line":303,"column":40}},"locations":[{"start":{"line":303,"column":29},"end":{"line":303,"column":40}}]},"41":{"type":"branch","line":304,"loc":{"start":{"line":304,"column":21},"end":{"line":304,"column":40}},"locations":[{"start":{"line":304,"column":21},"end":{"line":304,"column":40}}]},"42":{"type":"branch","line":304,"loc":{"start":{"line":304,"column":30},"end":{"line":304,"column":42}},"locations":[{"start":{"line":304,"column":30},"end":{"line":304,"column":42}}]},"43":{"type":"branch","line":306,"loc":{"start":{"line":306,"column":6},"end":{"line":306,"column":22}},"locations":[{"start":{"line":306,"column":6},"end":{"line":306,"column":22}}]},"44":{"type":"branch","line":306,"loc":{"start":{"line":306,"column":22},"end":{"line":308,"column":3}},"locations":[{"start":{"line":306,"column":22},"end":{"line":308,"column":3}}]},"45":{"type":"branch","line":308,"loc":{"start":{"line":308,"column":2},"end":{"line":313,"column":1}},"locations":[{"start":{"line":308,"column":2},"end":{"line":313,"column":1}}]}},"b":{"0":[5],"1":[165],"2":[100],"3":[33],"4":[33],"5":[33],"6":[66],"7":[6534],"8":[99],"9":[13],"10":[13],"11":[185],"12":[30],"13":[5],"14":[4],"15":[3],"16":[1],"17":[8],"18":[13],"19":[143],"20":[16],"21":[3],"22":[10],"23":[15],"24":[2],"25":[2],"26":[60],"27":[1],"28":[1],"29":[60],"30":[3],"31":[1],"32":[2],"33":[1],"34":[8],"35":[1],"36":[7],"37":[2],"38":[6],"39":[2],"40":[6],"41":[2],"42":[6],"43":[2],"44":[1],"45":[7]},"fnMap":{"0":{"name":"extractLandmarks","decl":{"start":{"line":59,"column":7},"end":{"line":73,"column":1}},"loc":{"start":{"line":59,"column":7},"end":{"line":73,"column":1}},"line":59},"1":{"name":"normalizeFeatures","decl":{"start":{"line":83,"column":7},"end":{"line":95,"column":1}},"loc":{"start":{"line":83,"column":7},"end":{"line":95,"column":1}},"line":83},"2":{"name":"<instance_members_initializer>","decl":{"start":{"line":105,"column":10},"end":{"line":106,"column":26}},"loc":{"start":{"line":105,"column":10},"end":{"line":106,"column":26}},"line":105},"3":{"name":"FrameBuffer","decl":{"start":{"line":108,"column":2},"end":{"line":110,"column":3}},"loc":{"start":{"line":108,"column":2},"end":{"line":110,"column":3}},"line":108},"4":{"name":"push","decl":{"start":{"line":115,"column":2},"end":{"line":120,"column":3}},"loc":{"start":{"line":115,"column":2},"end":{"line":120,"column":3}},"line":115},"5":{"name":"isFull","decl":{"start":{"line":125,"column":2},"end":{"line":127,"column":3}},"loc":{"start":{"line":125,"column":2},"end":{"line":127,"column":3}},"line":125},"6":{"name":"getData","decl":{"start":{"line":132,"column":2},"end":{"line":134,"column":3}},"loc":{"start":{"line":132,"column":2},"end":{"line":134,"column":3}},"line":132},"7":{"name":"shift","decl":{"start":{"line":139,"column":2},"end":{"line":142,"column":3}},"loc":{"start":{"line":139,"column":2},"end":{"line":142,"column":3}},"line":139},"8":{"name":"clear","decl":{"start":{"line":147,"column":2},"end":{"line":149,"column":3}},"loc":{"start":{"line":147,"column":2},"end":{"line":149,"column":3}},"line":147},"9":{"name":"get size","decl":{"start":{"line":154,"column":2},"end":{"line":156,"column":3}},"loc":{"start":{"line":154,"column":2},"end":{"line":156,"column":3}},"line":154},"10":{"name":"classifySignal","decl":{"start":{"line":167,"column":7},"end":{"line":195,"column":1}},"loc":{"start":{"line":167,"column":7},"end":{"line":195,"column":1}},"line":167},"11":{"name":"mapClassToSignal","decl":{"start":{"line":200,"column":7},"end":{"line":205,"column":1}},"loc":{"start":{"line":200,"column":7},"end":{"line":205,"column":1}},"line":200},"12":{"name":"runInference","decl":{"start":{"line":214,"column":0},"end":{"line":243,"column":1}},"loc":{"start":{"line":214,"column":0},"end":{"line":243,"column":1}},"line":214},"13":{"name":"loadModelAssets","decl":{"start":{"line":252,"column":0},"end":{"line":271,"column":1}},"loc":{"start":{"line":252,"column":0},"end":{"line":271,"column":1}},"line":252},"14":{"name":"speakSignal","decl":{"start":{"line":280,"column":7},"end":{"line":313,"column":1}},"loc":{"start":{"line":280,"column":7},"end":{"line":313,"column":1}},"line":280}},"f":{"0":5,"1":66,"2":13,"3":13,"4":185,"5":5,"6":4,"7":3,"8":1,"9":8,"10":13,"11":15,"12":2,"13":3,"14":8}}
,"C:\\Users\\Rodrigo\\Downloads\\Bagunça\\Códigos\\Tradutor-Libras\\src\\lib\\utils.ts": {"path":"C:\\Users\\Rodrigo\\Downloads\\Bagunça\\Códigos\\Tradutor-Libras\\src\\lib\\utils.ts","all":false,"statementMap":{"7":{"start":{"line":8,"column":0},"end":{"line":8,"column":79}},"8":{"start":{"line":9,"column":0},"end":{"line":9,"column":43}},"9":{"start":{"line":10,"column":0},"end":{"line":10,"column":1}},"14":{"start":{"line":15,"column":0},"end":{"line":15,"column":54}},"15":{"start":{"line":16,"column":0},"end":{"line":16,"column":40}},"16":{"start":{"line":17,"column":0},"end":{"line":17,"column":1}},"21":{"start":{"line":22,"column":0},"end":{"line":22,"column":48}},"22":{"start":{"line":23,"column":0},"end":{"line":23,"column":43}},"23":{"start":{"line":24,"column":0},"end":{"line":24,"column":20}},"24":{"start":{"line":25,"column":0},"end":{"line":25,"column":22}},"25":{"start":{"line":26,"column":0},"end":{"line":26,"column":22}},"26":{"start":{"line":27,"column":0},"end":{"line":27,"column":5}},"27":{"start":{"line":28,"column":0},"end":{"line":28,"column":1}}},"s":{"7":1,"8":92,"9":92,"14":1,"15":8,"16":8,"21":1,"22":5,"23":5,"24":5,"25":5,"26":5,"27":5},"branchMap":{"0":{"type":"branch","line":8,"loc":{"start":{"line":8,"column":7},"end":{"line":10,"column":1}},"locations":[{"start":{"line":8,"column":7},"end":{"line":10,"column":1}}]},"1":{"type":"branch","line":15,"loc":{"start":{"line":15,"column":7},"end":{"line":17,"column":1}},"locations":[{"start":{"line":15,"column":7},"end":{"line":17,"column":1}}]},"2":{"type":"branch","line":22,"loc":{"start":{"line":22,"column":7},"end":{"line":28,"column":1}},"locations":[{"start":{"line":22,"column":7},"end":{"line":28,"column":1}}]}},"b":{"0":[92],"1":[8],"2":[5]},"fnMap":{"0":{"name":"cn","decl":{"start":{"line":8,"column":7},"end":{"line":10,"column":1}},"loc":{"start":{"line":8,"column":7},"end":{"line":10,"column":1}},"line":8},"1":{"name":"formatPercent","decl":{"start":{"line":15,"column":7},"end":{"line":17,"column":1}},"loc":{"start":{"line":15,"column":7},"end":{"line":17,"column":1}},"line":15},"2":{"name":"formatTime","decl":{"start":{"line":22,"column":7},"end":{"line":28,"column":1}},"loc":{"start":{"line":22,"column":7},"end":{"line":28,"column":1}},"line":22}},"f":{"0":92,"1":8,"2":5}}
,"C:\\Users\\Rodrigo\\Downloads\\Bagunça\\Códigos\\Tradutor-Libras\\src\\pages\\Home.tsx": {"path":"C:\\Users\\Rodrigo\\Downloads\\Bagunça\\Códigos\\Tradutor-Libras\\src\\pages\\Home.tsx","all":false,"statementMap":{"0":{"start":{"line":1,"column":0},"end":{"line":1,"column":47}},"17":{"start":{"line":18,"column":0},"end":{"line":18,"column":17}},"18":{"start":{"line":19,"column":0},"end":{"line":19,"column":44}},"19":{"start":{"line":20,"column":0},"end":{"line":20,"column":54}},"20":{"start":{"line":21,"column":0},"end":{"line":21,"column":2}},"22":{"start":{"line":23,"column":0},"end":{"line":23,"column":18}},"23":{"start":{"line":24,"column":0},"end":{"line":24,"column":3}},"24":{"start":{"line":25,"column":0},"end":{"line":25,"column":28}},"25":{"start":{"line":26,"column":0},"end":{"line":26,"column":24}},"26":{"start":{"line":27,"column":0},"end":{"line":27,"column":113}},"27":{"start":{"line":28,"column":0},"end":{"line":28,"column":4}},"28":{"start":{"line":29,"column":0},"end":{"line":29,"column":3}},"29":{"start":{"line":30,"column":0},"end":{"line":30,"column":31}},"30":{"start":{"line":31,"column":0},"end":{"line":31,"column":31}},"31":{"start":{"line":32,"column":0},"end":{"line":32,"column":112}},"32":{"start":{"line":33,"column":0},"end":{"line":33,"column":4}},"33":{"start":{"line":34,"column":0},"end":{"line":34,"column":3}},"34":{"start":{"line":35,"column":0},"end":{"line":35,"column":32}},"35":{"start":{"line":36,"column":0},"end":{"line":36,"column":30}},"36":{"start":{"line":37,"column":0},"end":{"line":37,"column":111}},"37":{"start":{"line":38,"column":0},"end":{"line":38,"column":4}},"38":{"start":{"line":39,"column":0},"end":{"line":39,"column":2}},"40":{"start":{"line":41,"column":0},"end":{"line":41,"column":24}},"41":{"start":{"line":42,"column":0},"end":{"line":42,"column":52}},"42":{"start":{"line":43,"column":0},"end":{"line":43,"column":61}},"43":{"start":{"line":44,"column":0},"end":{"line":44,"column":55}},"44":{"start":{"line":45,"column":0},"end":{"line":45,"column":54}},"45":{"start":{"line":46,"column":0},"end":{"line":46,"column":50}},"46":{"start":{"line":47,"column":0},"end":{"line":47,"column":2}},"48":{"start":{"line":49,"column":0},"end":{"line":49,"column":20}},"49":{"start":{"line":50,"column":0},"end":{"line":50,"column":86}},"50":{"start":{"line":51,"column":0},"end":{"line":51,"column":82}},"51":{"start":{"line":52,"column":0},"end":{"line":52,"column":84}},"52":{"start":{"line":53,"column":0},"end":{"line":53,"column":82}},"53":{"start":{"line":54,"column":0},"end":{"line":54,"column":2}},"55":{"start":{"line":56,"column":0},"end":{"line":56,"column":32}},"56":{"start":{"line":57,"column":0},"end":{"line":57,"column":33}},"58":{"start":{"line":59,"column":0},"end":{"line":59,"column":10}},"59":{"start":{"line":60,"column":0},"end":{"line":60,"column":9}},"61":{"start":{"line":62,"column":0},"end":{"line":62,"column":45}},"62":{"start":{"line":63,"column":0},"end":{"line":63,"column":38}},"63":{"start":{"line":64,"column":0},"end":{"line":64,"column":14}},"64":{"start":{"line":65,"column":0},"end":{"line":65,"column":35}},"65":{"start":{"line":66,"column":0},"end":{"line":66,"column":41}},"66":{"start":{"line":67,"column":0},"end":{"line":67,"column":25}},"67":{"start":{"line":68,"column":0},"end":{"line":68,"column":24}},"68":{"start":{"line":69,"column":0},"end":{"line":69,"column":28}},"70":{"start":{"line":71,"column":0},"end":{"line":71,"column":56}},"71":{"start":{"line":72,"column":0},"end":{"line":72,"column":40}},"72":{"start":{"line":73,"column":0},"end":{"line":73,"column":16}},"73":{"start":{"line":74,"column":0},"end":{"line":74,"column":38}},"74":{"start":{"line":75,"column":0},"end":{"line":75,"column":19}},"75":{"start":{"line":76,"column":0},"end":{"line":76,"column":41}},"76":{"start":{"line":77,"column":0},"end":{"line":77,"column":51}},"77":{"start":{"line":78,"column":0},"end":{"line":78,"column":41}},"78":{"start":{"line":79,"column":0},"end":{"line":79,"column":13}},"80":{"start":{"line":81,"column":0},"end":{"line":81,"column":38}},"81":{"start":{"line":82,"column":0},"end":{"line":82,"column":21}},"82":{"start":{"line":83,"column":0},"end":{"line":83,"column":16}},"83":{"start":{"line":84,"column":0},"end":{"line":84,"column":14}},"84":{"start":{"line":85,"column":0},"end":{"line":85,"column":15}},"87":{"start":{"line":88,"column":0},"end":{"line":88,"column":50}},"88":{"start":{"line":89,"column":0},"end":{"line":89,"column":38}},"89":{"start":{"line":90,"column":0},"end":{"line":90,"column":38}},"90":{"start":{"line":91,"column":0},"end":{"line":91,"column":31}},"91":{"start":{"line":92,"column":0},"end":{"line":92,"column":65}},"92":{"start":{"line":93,"column":0},"end":{"line":93,"column":16}},"94":{"start":{"line":95,"column":0},"end":{"line":95,"column":37}},"95":{"start":{"line":96,"column":0},"end":{"line":96,"column":28}},"96":{"start":{"line":97,"column":0},"end":{"line":97,"column":74}},"97":{"start":{"line":98,"column":0},"end":{"line":98,"column":30}},"98":{"start":{"line":99,"column":0},"end":{"line":99,"column":15}},"100":{"start":{"line":101,"column":0},"end":{"line":101,"column":42}},"104":{"start":{"line":105,"column":0},"end":{"line":105,"column":14}},"106":{"start":{"line":107,"column":0},"end":{"line":107,"column":40}},"107":{"start":{"line":108,"column":0},"end":{"line":108,"column":19}},"108":{"start":{"line":109,"column":0},"end":{"line":109,"column":48}},"109":{"start":{"line":110,"column":0},"end":{"line":110,"column":51}},"110":{"start":{"line":111,"column":0},"end":{"line":111,"column":27}},"111":{"start":{"line":112,"column":0},"end":{"line":112,"column":13}},"113":{"start":{"line":114,"column":0},"end":{"line":114,"column":38}},"114":{"start":{"line":115,"column":0},"end":{"line":115,"column":21}},"115":{"start":{"line":116,"column":0},"end":{"line":116,"column":14}},"116":{"start":{"line":117,"column":0},"end":{"line":117,"column":30}},"117":{"start":{"line":118,"column":0},"end":{"line":118,"column":50}},"118":{"start":{"line":119,"column":0},"end":{"line":119,"column":34}},"119":{"start":{"line":120,"column":0},"end":{"line":120,"column":13}},"121":{"start":{"line":122,"column":0},"end":{"line":122,"column":40}},"122":{"start":{"line":123,"column":0},"end":{"line":123,"column":16}},"123":{"start":{"line":124,"column":0},"end":{"line":124,"column":16}},"124":{"start":{"line":125,"column":0},"end":{"line":125,"column":14}},"125":{"start":{"line":126,"column":0},"end":{"line":126,"column":16}},"128":{"start":{"line":129,"column":0},"end":{"line":129,"column":49}},"129":{"start":{"line":130,"column":0},"end":{"line":130,"column":39}},"130":{"start":{"line":131,"column":0},"end":{"line":131,"column":77}},"131":{"start":{"line":132,"column":0},"end":{"line":132,"column":71}},"133":{"start":{"line":134,"column":0},"end":{"line":134,"column":14}},"135":{"start":{"line":136,"column":0},"end":{"line":136,"column":69}},"136":{"start":{"line":137,"column":0},"end":{"line":137,"column":47}},"137":{"start":{"line":138,"column":0},"end":{"line":138,"column":18}},"138":{"start":{"line":139,"column":0},"end":{"line":139,"column":35}},"139":{"start":{"line":140,"column":0},"end":{"line":140,"column":99}},"140":{"start":{"line":141,"column":0},"end":{"line":141,"column":44}},"142":{"start":{"line":143,"column":0},"end":{"line":143,"column":66}},"143":{"start":{"line":144,"column":0},"end":{"line":144,"column":66}},"144":{"start":{"line":145,"column":0},"end":{"line":145,"column":76}},"145":{"start":{"line":146,"column":0},"end":{"line":146,"column":20}},"146":{"start":{"line":147,"column":0},"end":{"line":147,"column":15}},"147":{"start":{"line":148,"column":0},"end":{"line":148,"column":16}},"148":{"start":{"line":149,"column":0},"end":{"line":149,"column":14}},"149":{"start":{"line":150,"column":0},"end":{"line":150,"column":16}},"152":{"start":{"line":153,"column":0},"end":{"line":153,"column":109}},"153":{"start":{"line":154,"column":0},"end":{"line":154,"column":71}},"154":{"start":{"line":155,"column":0},"end":{"line":155,"column":59}},"156":{"start":{"line":157,"column":0},"end":{"line":157,"column":15}},"157":{"start":{"line":158,"column":0},"end":{"line":158,"column":100}},"159":{"start":{"line":160,"column":0},"end":{"line":160,"column":14}},"161":{"start":{"line":162,"column":0},"end":{"line":162,"column":66}},"162":{"start":{"line":163,"column":0},"end":{"line":163,"column":50}},"163":{"start":{"line":164,"column":0},"end":{"line":164,"column":101}},"164":{"start":{"line":165,"column":0},"end":{"line":165,"column":95}},"165":{"start":{"line":166,"column":0},"end":{"line":166,"column":73}},"166":{"start":{"line":167,"column":0},"end":{"line":167,"column":53}},"167":{"start":{"line":168,"column":0},"end":{"line":168,"column":104}},"168":{"start":{"line":169,"column":0},"end":{"line":169,"column":122}},"169":{"start":{"line":170,"column":0},"end":{"line":170,"column":24}},"170":{"start":{"line":171,"column":0},"end":{"line":171,"column":22}},"171":{"start":{"line":172,"column":0},"end":{"line":172,"column":55}},"172":{"start":{"line":173,"column":0},"end":{"line":173,"column":59}},"174":{"start":{"line":175,"column":0},"end":{"line":175,"column":20}},"175":{"start":{"line":176,"column":0},"end":{"line":176,"column":15}},"176":{"start":{"line":177,"column":0},"end":{"line":177,"column":16}},"177":{"start":{"line":178,"column":0},"end":{"line":178,"column":14}},"178":{"start":{"line":179,"column":0},"end":{"line":179,"column":16}},"181":{"start":{"line":182,"column":0},"end":{"line":182,"column":53}},"182":{"start":{"line":183,"column":0},"end":{"line":183,"column":39}},"183":{"start":{"line":184,"column":0},"end":{"line":184,"column":59}},"185":{"start":{"line":186,"column":0},"end":{"line":186,"column":15}},"186":{"start":{"line":187,"column":0},"end":{"line":187,"column":71}},"188":{"start":{"line":189,"column":0},"end":{"line":189,"column":14}},"190":{"start":{"line":191,"column":0},"end":{"line":191,"column":69}},"191":{"start":{"line":192,"column":0},"end":{"line":192,"column":46}},"192":{"start":{"line":193,"column":0},"end":{"line":193,"column":18}},"193":{"start":{"line":194,"column":0},"end":{"line":194,"column":31}},"194":{"start":{"line":195,"column":0},"end":{"line":195,"column":86}},"195":{"start":{"line":196,"column":0},"end":{"line":196,"column":41}},"197":{"start":{"line":198,"column":0},"end":{"line":198,"column":62}},"198":{"start":{"line":199,"column":0},"end":{"line":199,"column":66}},"199":{"start":{"line":200,"column":0},"end":{"line":200,"column":20}},"200":{"start":{"line":201,"column":0},"end":{"line":201,"column":15}},"201":{"start":{"line":202,"column":0},"end":{"line":202,"column":16}},"202":{"start":{"line":203,"column":0},"end":{"line":203,"column":14}},"203":{"start":{"line":204,"column":0},"end":{"line":204,"column":16}},"206":{"start":{"line":207,"column":0},"end":{"line":207,"column":108}},"207":{"start":{"line":208,"column":0},"end":{"line":208,"column":71}},"208":{"start":{"line":209,"column":0},"end":{"line":209,"column":59}},"210":{"start":{"line":211,"column":0},"end":{"line":211,"column":15}},"211":{"start":{"line":212,"column":0},"end":{"line":212,"column":100}},"213":{"start":{"line":214,"column":0},"end":{"line":214,"column":14}},"215":{"start":{"line":216,"column":0},"end":{"line":216,"column":69}},"216":{"start":{"line":217,"column":0},"end":{"line":217,"column":45}},"217":{"start":{"line":218,"column":0},"end":{"line":218,"column":18}},"218":{"start":{"line":219,"column":0},"end":{"line":219,"column":28}},"219":{"start":{"line":220,"column":0},"end":{"line":220,"column":111}},"220":{"start":{"line":221,"column":0},"end":{"line":221,"column":43}},"222":{"start":{"line":223,"column":0},"end":{"line":223,"column":47}},"223":{"start":{"line":224,"column":0},"end":{"line":224,"column":49}},"224":{"start":{"line":225,"column":0},"end":{"line":225,"column":23}},"225":{"start":{"line":226,"column":0},"end":{"line":226,"column":61}},"226":{"start":{"line":227,"column":0},"end":{"line":227,"column":20}},"227":{"start":{"line":228,"column":0},"end":{"line":228,"column":15}},"228":{"start":{"line":229,"column":0},"end":{"line":229,"column":16}},"230":{"start":{"line":231,"column":0},"end":{"line":231,"column":45}},"231":{"start":{"line":232,"column":0},"end":{"line":232,"column":19}},"232":{"start":{"line":233,"column":0},"end":{"line":233,"column":48}},"233":{"start":{"line":234,"column":0},"end":{"line":234,"column":51}},"234":{"start":{"line":235,"column":0},"end":{"line":235,"column":30}},"235":{"start":{"line":236,"column":0},"end":{"line":236,"column":13}},"237":{"start":{"line":238,"column":0},"end":{"line":238,"column":38}},"238":{"start":{"line":239,"column":0},"end":{"line":239,"column":21}},"239":{"start":{"line":240,"column":0},"end":{"line":240,"column":16}},"240":{"start":{"line":241,"column":0},"end":{"line":241,"column":14}},"241":{"start":{"line":242,"column":0},"end":{"line":242,"column":16}},"244":{"start":{"line":245,"column":0},"end":{"line":245,"column":45}},"245":{"start":{"line":246,"column":0},"end":{"line":246,"column":38}},"246":{"start":{"line":247,"column":0},"end":{"line":247,"column":39}},"247":{"start":{"line":248,"column":0},"end":{"line":248,"column":81}},"249":{"start":{"line":250,"column":0},"end":{"line":250,"column":16}},"250":{"start":{"line":251,"column":0},"end":{"line":251,"column":39}},"252":{"start":{"line":253,"column":0},"end":{"line":253,"column":16}},"253":{"start":{"line":254,"column":0},"end":{"line":254,"column":14}},"254":{"start":{"line":255,"column":0},"end":{"line":255,"column":15}},"255":{"start":{"line":256,"column":0},"end":{"line":256,"column":10}},"257":{"start":{"line":258,"column":0},"end":{"line":258,"column":1}}},"s":{"0":1,"17":1,"18":1,"19":1,"20":1,"22":1,"23":1,"24":1,"25":1,"26":1,"27":1,"28":1,"29":1,"30":1,"31":1,"32":1,"33":1,"34":1,"35":1,"36":1,"37":1,"38":1,"40":1,"41":1,"42":1,"43":1,"44":1,"45":1,"46":1,"48":1,"49":1,"50":1,"51":1,"52":1,"53":1,"55":42,"56":42,"58":42,"59":42,"61":42,"62":42,"63":42,"64":42,"65":42,"66":42,"67":42,"68":42,"70":42,"71":42,"72":42,"73":42,"74":42,"75":42,"76":42,"77":42,"78":42,"80":42,"81":42,"82":42,"83":42,"84":42,"87":42,"88":42,"89":42,"90":42,"91":42,"92":42,"94":42,"95":42,"96":42,"97":42,"98":42,"100":42,"104":42,"106":42,"107":42,"108":42,"109":42,"110":42,"111":42,"113":42,"114":42,"115":42,"116":42,"117":42,"118":42,"119":42,"121":42,"122":42,"123":42,"124":42,"125":42,"128":42,"129":42,"130":42,"131":42,"133":42,"135":42,"136":42,"137":126,"138":126,"139":126,"140":126,"142":126,"143":126,"144":126,"145":126,"146":42,"147":42,"148":42,"149":42,"152":42,"153":42,"154":42,"156":42,"157":42,"159":42,"161":42,"162":42,"163":210,"164":210,"165":210,"166":210,"167":210,"168":210,"169":210,"170":210,"171":210,"172":168,"174":210,"175":42,"176":42,"177":42,"178":42,"181":42,"182":42,"183":42,"185":42,"186":42,"188":42,"190":42,"191":42,"192":168,"193":168,"194":168,"195":168,"197":168,"198":168,"199":168,"200":42,"201":42,"202":42,"203":42,"206":42,"207":42,"208":42,"210":42,"211":42,"213":42,"215":42,"216":42,"217":420,"218":420,"219":420,"220":420,"222":420,"223":420,"224":420,"225":420,"226":420,"227":42,"228":42,"230":42,"231":42,"232":42,"233":42,"234":42,"235":42,"237":42,"238":42,"239":42,"240":42,"241":42,"244":42,"245":42,"246":42,"247":42,"249":42,"250":42,"252":42,"253":42,"254":42,"255":42,"257":42},"branchMap":{"0":{"type":"branch","line":56,"loc":{"start":{"line":56,"column":0},"end":{"line":258,"column":1}},"locations":[{"start":{"line":56,"column":0},"end":{"line":258,"column":1}}]},"1":{"type":"branch","line":66,"loc":{"start":{"line":66,"column":21},"end":{"line":66,"column":41}},"locations":[{"start":{"line":66,"column":21},"end":{"line":66,"column":41}}]},"2":{"type":"branch","line":77,"loc":{"start":{"line":77,"column":23},"end":{"line":77,"column":51}},"locations":[{"start":{"line":77,"column":23},"end":{"line":77,"column":51}}]},"3":{"type":"branch","line":110,"loc":{"start":{"line":110,"column":23},"end":{"line":110,"column":51}},"locations":[{"start":{"line":110,"column":23},"end":{"line":110,"column":51}}]},"4":{"type":"branch","line":137,"loc":{"start":{"line":137,"column":26},"end":{"line":146,"column":20}},"locations":[{"start":{"line":137,"column":26},"end":{"line":146,"column":20}}]},"5":{"type":"branch","line":163,"loc":{"start":{"line":163,"column":32},"end":{"line":175,"column":20}},"locations":[{"start":{"line":163,"column":32},"end":{"line":175,"column":20}}]},"6":{"type":"branch","line":172,"loc":{"start":{"line":172,"column":49},"end":{"line":173,"column":59}},"locations":[{"start":{"line":172,"column":49},"end":{"line":173,"column":59}}]},"7":{"type":"branch","line":192,"loc":{"start":{"line":192,"column":28},"end":{"line":200,"column":20}},"locations":[{"start":{"line":192,"column":28},"end":{"line":200,"column":20}}]},"8":{"type":"branch","line":217,"loc":{"start":{"line":217,"column":25},"end":{"line":227,"column":20}},"locations":[{"start":{"line":217,"column":25},"end":{"line":227,"column":20}}]},"9":{"type":"branch","line":224,"loc":{"start":{"line":224,"column":39},"end":{"line":224,"column":49}},"locations":[{"start":{"line":224,"column":39},"end":{"line":224,"column":49}}]},"10":{"type":"branch","line":234,"loc":{"start":{"line":234,"column":23},"end":{"line":234,"column":51}},"locations":[{"start":{"line":234,"column":23},"end":{"line":234,"column":51}}]}},"b":{"0":[42],"1":[1],"2":[1],"3":[1],"4":[126],"5":[210],"6":[168],"7":[168],"8":[420],"9":[0],"10":[1]},"fnMap":{"0":{"name":"Home","decl":{"start":{"line":56,"column":0},"end":{"line":258,"column":1}},"loc":{"start":{"line":56,"column":0},"end":{"line":258,"column":1}},"line":56},"1":{"name":"onClick","decl":{"start":{"line":66,"column":21},"end":{"line":66,"column":41}},"loc":{"start":{"line":66,"column":21},"end":{"line":66,"column":41}},"line":66},"2":{"name":"onClick","decl":{"start":{"line":77,"column":23},"end":{"line":77,"column":51}},"loc":{"start":{"line":77,"column":23},"end":{"line":77,"column":51}},"line":77},"3":{"name":"onClick","decl":{"start":{"line":110,"column":23},"end":{"line":110,"column":51}},"loc":{"start":{"line":110,"column":23},"end":{"line":110,"column":51}},"line":110},"4":{"name":"onClick","decl":{"start":{"line":234,"column":23},"end":{"line":234,"column":51}},"loc":{"start":{"line":234,"column":23},"end":{"line":234,"column":51}},"line":234}},"f":{"0":42,"1":1,"2":1,"3":1,"4":1}}
,"C:\\Users\\Rodrigo\\Downloads\\Bagunça\\Códigos\\Tradutor-Libras\\src\\pages\\LibrasTranslator.tsx": {"path":"C:\\Users\\Rodrigo\\Downloads\\Bagunça\\Códigos\\Tradutor-Libras\\src\\pages\\LibrasTranslator.tsx","all":false,"statementMap":{"0":{"start":{"line":1,"column":0},"end":{"line":1,"column":65}},"38":{"start":{"line":39,"column":0},"end":{"line":39,"column":44}},"39":{"start":{"line":40,"column":0},"end":{"line":40,"column":33}},"42":{"start":{"line":43,"column":0},"end":{"line":43,"column":50}},"43":{"start":{"line":44,"column":0},"end":{"line":44,"column":52}},"44":{"start":{"line":45,"column":0},"end":{"line":45,"column":51}},"45":{"start":{"line":46,"column":0},"end":{"line":46,"column":58}},"46":{"start":{"line":47,"column":0},"end":{"line":47,"column":56}},"47":{"start":{"line":48,"column":0},"end":{"line":48,"column":36}},"48":{"start":{"line":49,"column":0},"end":{"line":49,"column":53}},"49":{"start":{"line":50,"column":0},"end":{"line":50,"column":50}},"50":{"start":{"line":51,"column":0},"end":{"line":51,"column":40}},"53":{"start":{"line":54,"column":0},"end":{"line":54,"column":52}},"54":{"start":{"line":55,"column":0},"end":{"line":55,"column":56}},"55":{"start":{"line":56,"column":0},"end":{"line":56,"column":57}},"56":{"start":{"line":57,"column":0},"end":{"line":57,"column":64}},"57":{"start":{"line":58,"column":0},"end":{"line":58,"column":58}},"58":{"start":{"line":59,"column":0},"end":{"line":59,"column":92}},"59":{"start":{"line":60,"column":0},"end":{"line":60,"column":73}},"60":{"start":{"line":61,"column":0},"end":{"line":61,"column":54}},"61":{"start":{"line":62,"column":0},"end":{"line":62,"column":57}},"62":{"start":{"line":63,"column":0},"end":{"line":63,"column":47}},"63":{"start":{"line":64,"column":0},"end":{"line":64,"column":19}},"64":{"start":{"line":65,"column":0},"end":{"line":65,"column":43}},"65":{"start":{"line":66,"column":0},"end":{"line":66,"column":21}},"66":{"start":{"line":67,"column":0},"end":{"line":67,"column":36}},"67":{"start":{"line":68,"column":0},"end":{"line":68,"column":58}},"70":{"start":{"line":71,"column":0},"end":{"line":71,"column":75}},"73":{"start":{"line":74,"column":0},"end":{"line":74,"column":19}},"74":{"start":{"line":75,"column":0},"end":{"line":75,"column":21}},"75":{"start":{"line":76,"column":0},"end":{"line":76,"column":77}},"76":{"start":{"line":77,"column":0},"end":{"line":77,"column":79}},"77":{"start":{"line":78,"column":0},"end":{"line":78,"column":61}},"78":{"start":{"line":79,"column":0},"end":{"line":79,"column":6}},"80":{"start":{"line":81,"column":0},"end":{"line":81,"column":24}},"82":{"start":{"line":83,"column":0},"end":{"line":83,"column":30}},"84":{"start":{"line":85,"column":0},"end":{"line":85,"column":59}},"85":{"start":{"line":86,"column":0},"end":{"line":86,"column":22}},"86":{"start":{"line":87,"column":0},"end":{"line":87,"column":69}},"87":{"start":{"line":88,"column":0},"end":{"line":88,"column":15}},"88":{"start":{"line":89,"column":0},"end":{"line":89,"column":7}},"90":{"start":{"line":91,"column":0},"end":{"line":91,"column":54}},"91":{"start":{"line":92,"column":0},"end":{"line":92,"column":23}},"92":{"start":{"line":93,"column":0},"end":{"line":93,"column":39}},"93":{"start":{"line":94,"column":0},"end":{"line":94,"column":29}},"94":{"start":{"line":95,"column":0},"end":{"line":95,"column":22}},"95":{"start":{"line":96,"column":0},"end":{"line":96,"column":45}},"96":{"start":{"line":97,"column":0},"end":{"line":97,"column":35}},"97":{"start":{"line":98,"column":0},"end":{"line":98,"column":9}},"98":{"start":{"line":99,"column":0},"end":{"line":99,"column":8}},"99":{"start":{"line":100,"column":0},"end":{"line":100,"column":30}},"100":{"start":{"line":101,"column":0},"end":{"line":101,"column":87}},"101":{"start":{"line":102,"column":0},"end":{"line":102,"column":8}},"102":{"start":{"line":103,"column":0},"end":{"line":103,"column":40}},"103":{"start":{"line":104,"column":0},"end":{"line":104,"column":7}},"104":{"start":{"line":105,"column":0},"end":{"line":105,"column":9}},"107":{"start":{"line":108,"column":0},"end":{"line":108,"column":19}},"108":{"start":{"line":109,"column":0},"end":{"line":109,"column":32}},"109":{"start":{"line":110,"column":0},"end":{"line":110,"column":11}},"110":{"start":{"line":111,"column":0},"end":{"line":111,"column":47}},"111":{"start":{"line":112,"column":0},"end":{"line":112,"column":40}},"112":{"start":{"line":113,"column":0},"end":{"line":113,"column":29}},"113":{"start":{"line":114,"column":0},"end":{"line":114,"column":21}},"114":{"start":{"line":115,"column":0},"end":{"line":115,"column":55}},"115":{"start":{"line":116,"column":0},"end":{"line":116,"column":17}},"116":{"start":{"line":117,"column":0},"end":{"line":117,"column":124}},"117":{"start":{"line":118,"column":0},"end":{"line":118,"column":10}},"118":{"start":{"line":119,"column":0},"end":{"line":119,"column":17}},"119":{"start":{"line":120,"column":0},"end":{"line":120,"column":31}},"120":{"start":{"line":121,"column":0},"end":{"line":121,"column":7}},"121":{"start":{"line":122,"column":0},"end":{"line":122,"column":5}},"123":{"start":{"line":124,"column":0},"end":{"line":124,"column":16}},"124":{"start":{"line":125,"column":0},"end":{"line":125,"column":9}},"127":{"start":{"line":128,"column":0},"end":{"line":128,"column":44}},"128":{"start":{"line":129,"column":0},"end":{"line":129,"column":48}},"130":{"start":{"line":131,"column":0},"end":{"line":131,"column":34}},"131":{"start":{"line":132,"column":0},"end":{"line":132,"column":35}},"132":{"start":{"line":133,"column":0},"end":{"line":133,"column":63}},"133":{"start":{"line":134,"column":0},"end":{"line":134,"column":7}},"135":{"start":{"line":136,"column":0},"end":{"line":136,"column":21}},"136":{"start":{"line":137,"column":0},"end":{"line":137,"column":25}},"137":{"start":{"line":138,"column":0},"end":{"line":138,"column":28}},"138":{"start":{"line":139,"column":0},"end":{"line":139,"column":32}},"139":{"start":{"line":140,"column":0},"end":{"line":140,"column":32}},"140":{"start":{"line":141,"column":0},"end":{"line":141,"column":34}},"141":{"start":{"line":142,"column":0},"end":{"line":142,"column":33}},"142":{"start":{"line":143,"column":0},"end":{"line":143,"column":7}},"144":{"start":{"line":145,"column":0},"end":{"line":145,"column":34}},"145":{"start":{"line":146,"column":0},"end":{"line":146,"column":27}},"146":{"start":{"line":147,"column":0},"end":{"line":147,"column":9}},"148":{"start":{"line":149,"column":0},"end":{"line":149,"column":19}},"149":{"start":{"line":150,"column":0},"end":{"line":150,"column":26}},"150":{"start":{"line":151,"column":0},"end":{"line":151,"column":23}},"151":{"start":{"line":152,"column":0},"end":{"line":152,"column":5}},"152":{"start":{"line":153,"column":0},"end":{"line":153,"column":40}},"155":{"start":{"line":156,"column":0},"end":{"line":156,"column":36}},"156":{"start":{"line":157,"column":0},"end":{"line":157,"column":29}},"158":{"start":{"line":159,"column":0},"end":{"line":159,"column":39}},"159":{"start":{"line":160,"column":0},"end":{"line":160,"column":37}},"160":{"start":{"line":161,"column":0},"end":{"line":161,"column":28}},"161":{"start":{"line":162,"column":0},"end":{"line":162,"column":47}},"162":{"start":{"line":163,"column":0},"end":{"line":163,"column":49}},"163":{"start":{"line":164,"column":0},"end":{"line":164,"column":45}},"164":{"start":{"line":165,"column":0},"end":{"line":165,"column":57}},"166":{"start":{"line":167,"column":0},"end":{"line":167,"column":85}},"168":{"start":{"line":169,"column":0},"end":{"line":169,"column":86}},"169":{"start":{"line":170,"column":0},"end":{"line":170,"column":45}},"170":{"start":{"line":171,"column":0},"end":{"line":171,"column":25}},"171":{"start":{"line":172,"column":0},"end":{"line":172,"column":13}},"173":{"start":{"line":174,"column":0},"end":{"line":174,"column":60}},"174":{"start":{"line":175,"column":0},"end":{"line":175,"column":44}},"175":{"start":{"line":176,"column":0},"end":{"line":176,"column":25}},"176":{"start":{"line":177,"column":0},"end":{"line":177,"column":22}},"177":{"start":{"line":178,"column":0},"end":{"line":178,"column":13}},"178":{"start":{"line":179,"column":0},"end":{"line":179,"column":9}},"179":{"start":{"line":180,"column":0},"end":{"line":180,"column":7}},"182":{"start":{"line":183,"column":0},"end":{"line":183,"column":34}},"183":{"start":{"line":184,"column":0},"end":{"line":184,"column":65}},"184":{"start":{"line":185,"column":0},"end":{"line":185,"column":46}},"185":{"start":{"line":186,"column":0},"end":{"line":186,"column":30}},"186":{"start":{"line":187,"column":0},"end":{"line":187,"column":52}},"189":{"start":{"line":190,"column":0},"end":{"line":190,"column":84}},"190":{"start":{"line":191,"column":0},"end":{"line":191,"column":40}},"192":{"start":{"line":193,"column":0},"end":{"line":193,"column":59}},"193":{"start":{"line":194,"column":0},"end":{"line":194,"column":43}},"194":{"start":{"line":195,"column":0},"end":{"line":195,"column":48}},"196":{"start":{"line":197,"column":0},"end":{"line":197,"column":17}},"197":{"start":{"line":198,"column":0},"end":{"line":198,"column":46}},"198":{"start":{"line":199,"column":0},"end":{"line":199,"column":48}},"199":{"start":{"line":200,"column":0},"end":{"line":200,"column":45}},"200":{"start":{"line":201,"column":0},"end":{"line":201,"column":23}},"201":{"start":{"line":202,"column":0},"end":{"line":202,"column":45}},"202":{"start":{"line":203,"column":0},"end":{"line":203,"column":16}},"204":{"start":{"line":205,"column":0},"end":{"line":205,"column":48}},"205":{"start":{"line":206,"column":0},"end":{"line":206,"column":23}},"206":{"start":{"line":207,"column":0},"end":{"line":207,"column":51}},"207":{"start":{"line":208,"column":0},"end":{"line":208,"column":16}},"209":{"start":{"line":210,"column":0},"end":{"line":210,"column":31}},"210":{"start":{"line":211,"column":0},"end":{"line":211,"column":49}},"211":{"start":{"line":212,"column":0},"end":{"line":212,"column":77}},"214":{"start":{"line":215,"column":0},"end":{"line":215,"column":80}},"215":{"start":{"line":216,"column":0},"end":{"line":216,"column":50}},"216":{"start":{"line":217,"column":0},"end":{"line":217,"column":54}},"217":{"start":{"line":218,"column":0},"end":{"line":218,"column":21}},"218":{"start":{"line":219,"column":0},"end":{"line":219,"column":38}},"219":{"start":{"line":220,"column":0},"end":{"line":220,"column":17}},"220":{"start":{"line":221,"column":0},"end":{"line":221,"column":15}},"223":{"start":{"line":224,"column":0},"end":{"line":224,"column":43}},"224":{"start":{"line":225,"column":0},"end":{"line":225,"column":27}},"225":{"start":{"line":226,"column":0},"end":{"line":226,"column":56}},"226":{"start":{"line":227,"column":0},"end":{"line":227,"column":23}},"227":{"start":{"line":228,"column":0},"end":{"line":228,"column":46}},"228":{"start":{"line":229,"column":0},"end":{"line":229,"column":13}},"229":{"start":{"line":230,"column":0},"end":{"line":230,"column":11}},"230":{"start":{"line":231,"column":0},"end":{"line":231,"column":9}},"231":{"start":{"line":232,"column":0},"end":{"line":232,"column":7}},"234":{"start":{"line":235,"column":0},"end":{"line":235,"column":37}},"235":{"start":{"line":236,"column":0},"end":{"line":236,"column":36}},"236":{"start":{"line":237,"column":0},"end":{"line":237,"column":57}},"237":{"start":{"line":238,"column":0},"end":{"line":238,"column":45}},"238":{"start":{"line":239,"column":0},"end":{"line":239,"column":41}},"239":{"start":{"line":240,"column":0},"end":{"line":240,"column":45}},"240":{"start":{"line":241,"column":0},"end":{"line":241,"column":7}},"241":{"start":{"line":242,"column":0},"end":{"line":242,"column":6}},"242":{"start":{"line":243,"column":0},"end":{"line":243,"column":43}},"243":{"start":{"line":244,"column":0},"end":{"line":244,"column":4}},"246":{"start":{"line":247,"column":0},"end":{"line":247,"column":19}},"247":{"start":{"line":248,"column":0},"end":{"line":248,"column":26}},"248":{"start":{"line":249,"column":0},"end":{"line":249,"column":47}},"249":{"start":{"line":250,"column":0},"end":{"line":250,"column":5}},"250":{"start":{"line":251,"column":0},"end":{"line":251,"column":22}},"253":{"start":{"line":254,"column":0},"end":{"line":254,"column":48}},"254":{"start":{"line":255,"column":0},"end":{"line":255,"column":35}},"255":{"start":{"line":256,"column":0},"end":{"line":256,"column":33}},"257":{"start":{"line":258,"column":0},"end":{"line":258,"column":49}},"258":{"start":{"line":259,"column":0},"end":{"line":259,"column":11}},"259":{"start":{"line":260,"column":0},"end":{"line":260,"column":42}},"260":{"start":{"line":261,"column":0},"end":{"line":261,"column":21}},"262":{"start":{"line":263,"column":0},"end":{"line":263,"column":7}},"263":{"start":{"line":264,"column":0},"end":{"line":264,"column":5}},"265":{"start":{"line":266,"column":0},"end":{"line":266,"column":68}},"266":{"start":{"line":267,"column":0},"end":{"line":267,"column":9}},"269":{"start":{"line":270,"column":0},"end":{"line":270,"column":47}},"270":{"start":{"line":271,"column":0},"end":{"line":271,"column":9}},"271":{"start":{"line":272,"column":0},"end":{"line":272,"column":21}},"272":{"start":{"line":273,"column":0},"end":{"line":273,"column":64}},"273":{"start":{"line":274,"column":0},"end":{"line":274,"column":16}},"274":{"start":{"line":275,"column":0},"end":{"line":275,"column":32}},"275":{"start":{"line":276,"column":0},"end":{"line":276,"column":33}},"276":{"start":{"line":277,"column":0},"end":{"line":277,"column":29}},"277":{"start":{"line":278,"column":0},"end":{"line":278,"column":10}},"278":{"start":{"line":279,"column":0},"end":{"line":279,"column":9}},"280":{"start":{"line":281,"column":0},"end":{"line":281,"column":33}},"282":{"start":{"line":283,"column":0},"end":{"line":283,"column":29}},"283":{"start":{"line":284,"column":0},"end":{"line":284,"column":44}},"284":{"start":{"line":285,"column":0},"end":{"line":285,"column":38}},"285":{"start":{"line":286,"column":0},"end":{"line":286,"column":7}},"287":{"start":{"line":288,"column":0},"end":{"line":288,"column":25}},"288":{"start":{"line":289,"column":0},"end":{"line":289,"column":37}},"289":{"start":{"line":290,"column":0},"end":{"line":290,"column":27}},"290":{"start":{"line":291,"column":0},"end":{"line":291,"column":70}},"291":{"start":{"line":292,"column":0},"end":{"line":292,"column":19}},"292":{"start":{"line":293,"column":0},"end":{"line":293,"column":52}},"293":{"start":{"line":294,"column":0},"end":{"line":294,"column":15}},"294":{"start":{"line":295,"column":0},"end":{"line":295,"column":82}},"295":{"start":{"line":296,"column":0},"end":{"line":296,"column":8}},"296":{"start":{"line":297,"column":0},"end":{"line":297,"column":5}},"297":{"start":{"line":298,"column":0},"end":{"line":298,"column":21}},"300":{"start":{"line":301,"column":0},"end":{"line":301,"column":40}},"301":{"start":{"line":302,"column":0},"end":{"line":302,"column":36}},"302":{"start":{"line":303,"column":0},"end":{"line":303,"column":54}},"303":{"start":{"line":304,"column":0},"end":{"line":304,"column":39}},"304":{"start":{"line":305,"column":0},"end":{"line":305,"column":5}},"306":{"start":{"line":307,"column":0},"end":{"line":307,"column":28}},"307":{"start":{"line":308,"column":0},"end":{"line":308,"column":69}},"308":{"start":{"line":309,"column":0},"end":{"line":309,"column":31}},"309":{"start":{"line":310,"column":0},"end":{"line":310,"column":5}},"311":{"start":{"line":312,"column":0},"end":{"line":312,"column":27}},"312":{"start":{"line":313,"column":0},"end":{"line":313,"column":40}},"313":{"start":{"line":314,"column":0},"end":{"line":314,"column":5}},"315":{"start":{"line":316,"column":0},"end":{"line":316,"column":24}},"316":{"start":{"line":317,"column":0},"end":{"line":317,"column":14}},"317":{"start":{"line":318,"column":0},"end":{"line":318,"column":25}},"318":{"start":{"line":319,"column":0},"end":{"line":319,"column":35}},"319":{"start":{"line":320,"column":0},"end":{"line":320,"column":37}},"320":{"start":{"line":321,"column":0},"end":{"line":321,"column":25}},"321":{"start":{"line":322,"column":0},"end":{"line":322,"column":9}},"324":{"start":{"line":325,"column":0},"end":{"line":325,"column":19}},"325":{"start":{"line":326,"column":0},"end":{"line":326,"column":18}},"326":{"start":{"line":327,"column":0},"end":{"line":327,"column":19}},"327":{"start":{"line":328,"column":0},"end":{"line":328,"column":28}},"328":{"start":{"line":329,"column":0},"end":{"line":329,"column":32}},"329":{"start":{"line":330,"column":0},"end":{"line":330,"column":31}},"330":{"start":{"line":331,"column":0},"end":{"line":331,"column":7}},"331":{"start":{"line":332,"column":0},"end":{"line":332,"column":42}},"332":{"start":{"line":333,"column":0},"end":{"line":333,"column":47}},"333":{"start":{"line":334,"column":0},"end":{"line":334,"column":7}},"334":{"start":{"line":335,"column":0},"end":{"line":335,"column":6}},"335":{"start":{"line":336,"column":0},"end":{"line":336,"column":19}},"338":{"start":{"line":339,"column":0},"end":{"line":339,"column":49}},"340":{"start":{"line":341,"column":0},"end":{"line":341,"column":10}},"341":{"start":{"line":342,"column":0},"end":{"line":342,"column":9}},"343":{"start":{"line":344,"column":0},"end":{"line":344,"column":33}},"344":{"start":{"line":345,"column":0},"end":{"line":345,"column":38}},"345":{"start":{"line":346,"column":0},"end":{"line":346,"column":14}},"346":{"start":{"line":347,"column":0},"end":{"line":347,"column":35}},"347":{"start":{"line":348,"column":0},"end":{"line":348,"column":28}},"348":{"start":{"line":349,"column":0},"end":{"line":349,"column":27}},"349":{"start":{"line":350,"column":0},"end":{"line":350,"column":28}},"350":{"start":{"line":351,"column":0},"end":{"line":351,"column":14}},"351":{"start":{"line":352,"column":0},"end":{"line":352,"column":25}},"352":{"start":{"line":353,"column":0},"end":{"line":353,"column":24}},"353":{"start":{"line":354,"column":0},"end":{"line":354,"column":39}},"355":{"start":{"line":356,"column":0},"end":{"line":356,"column":56}},"356":{"start":{"line":357,"column":0},"end":{"line":357,"column":40}},"357":{"start":{"line":358,"column":0},"end":{"line":358,"column":16}},"358":{"start":{"line":359,"column":0},"end":{"line":359,"column":38}},"359":{"start":{"line":360,"column":0},"end":{"line":360,"column":19}},"360":{"start":{"line":361,"column":0},"end":{"line":361,"column":43}},"361":{"start":{"line":362,"column":0},"end":{"line":362,"column":30}},"362":{"start":{"line":363,"column":0},"end":{"line":363,"column":29}},"363":{"start":{"line":364,"column":0},"end":{"line":364,"column":30}},"364":{"start":{"line":365,"column":0},"end":{"line":365,"column":16}},"365":{"start":{"line":366,"column":0},"end":{"line":366,"column":41}},"367":{"start":{"line":368,"column":0},"end":{"line":368,"column":37}},"369":{"start":{"line":370,"column":0},"end":{"line":370,"column":21}},"370":{"start":{"line":371,"column":0},"end":{"line":371,"column":16}},"371":{"start":{"line":372,"column":0},"end":{"line":372,"column":14}},"372":{"start":{"line":373,"column":0},"end":{"line":373,"column":15}},"375":{"start":{"line":376,"column":0},"end":{"line":376,"column":50}},"376":{"start":{"line":377,"column":0},"end":{"line":377,"column":62}},"378":{"start":{"line":379,"column":0},"end":{"line":379,"column":89}},"379":{"start":{"line":380,"column":0},"end":{"line":380,"column":24}},"380":{"start":{"line":381,"column":0},"end":{"line":381,"column":47}},"381":{"start":{"line":382,"column":0},"end":{"line":382,"column":30}},"382":{"start":{"line":383,"column":0},"end":{"line":383,"column":49}},"383":{"start":{"line":384,"column":0},"end":{"line":384,"column":43}},"384":{"start":{"line":385,"column":0},"end":{"line":385,"column":49}},"385":{"start":{"line":386,"column":0},"end":{"line":386,"column":15}},"387":{"start":{"line":388,"column":0},"end":{"line":388,"column":17}},"388":{"start":{"line":389,"column":0},"end":{"line":389,"column":93}},"390":{"start":{"line":391,"column":0},"end":{"line":391,"column":16}},"391":{"start":{"line":392,"column":0},"end":{"line":392,"column":16}},"394":{"start":{"line":395,"column":0},"end":{"line":395,"column":21}},"395":{"start":{"line":396,"column":0},"end":{"line":396,"column":100}},"396":{"start":{"line":397,"column":0},"end":{"line":397,"column":39}},"397":{"start":{"line":398,"column":0},"end":{"line":398,"column":34}},"398":{"start":{"line":399,"column":0},"end":{"line":399,"column":18}},"402":{"start":{"line":403,"column":0},"end":{"line":403,"column":45}},"404":{"start":{"line":405,"column":0},"end":{"line":405,"column":48}},"406":{"start":{"line":407,"column":0},"end":{"line":407,"column":58}},"407":{"start":{"line":408,"column":0},"end":{"line":408,"column":22}},"408":{"start":{"line":409,"column":0},"end":{"line":409,"column":32}},"409":{"start":{"line":410,"column":0},"end":{"line":410,"column":46}},"410":{"start":{"line":411,"column":0},"end":{"line":411,"column":26}},"411":{"start":{"line":412,"column":0},"end":{"line":412,"column":29}},"412":{"start":{"line":413,"column":0},"end":{"line":413,"column":23}},"413":{"start":{"line":414,"column":0},"end":{"line":414,"column":39}},"414":{"start":{"line":415,"column":0},"end":{"line":415,"column":18}},"415":{"start":{"line":416,"column":0},"end":{"line":416,"column":23}},"416":{"start":{"line":417,"column":0},"end":{"line":417,"column":33}},"417":{"start":{"line":418,"column":0},"end":{"line":418,"column":55}},"418":{"start":{"line":419,"column":0},"end":{"line":419,"column":40}},"419":{"start":{"line":420,"column":0},"end":{"line":420,"column":18}},"421":{"start":{"line":422,"column":0},"end":{"line":422,"column":32}},"422":{"start":{"line":423,"column":0},"end":{"line":423,"column":64}},"423":{"start":{"line":424,"column":0},"end":{"line":424,"column":86}},"424":{"start":{"line":425,"column":0},"end":{"line":425,"column":52}},"425":{"start":{"line":426,"column":0},"end":{"line":426,"column":104}},"427":{"start":{"line":428,"column":0},"end":{"line":428,"column":27}},"428":{"start":{"line":429,"column":0},"end":{"line":429,"column":24}},"432":{"start":{"line":433,"column":0},"end":{"line":433,"column":31}},"433":{"start":{"line":434,"column":0},"end":{"line":434,"column":31}},"434":{"start":{"line":435,"column":0},"end":{"line":435,"column":41}},"435":{"start":{"line":436,"column":0},"end":{"line":436,"column":42}},"436":{"start":{"line":437,"column":0},"end":{"line":437,"column":43}},"437":{"start":{"line":438,"column":0},"end":{"line":438,"column":50}},"438":{"start":{"line":439,"column":0},"end":{"line":439,"column":61}},"439":{"start":{"line":440,"column":0},"end":{"line":440,"column":53}},"440":{"start":{"line":441,"column":0},"end":{"line":441,"column":52}},"441":{"start":{"line":442,"column":0},"end":{"line":442,"column":36}},"442":{"start":{"line":443,"column":0},"end":{"line":443,"column":87}},"443":{"start":{"line":444,"column":0},"end":{"line":444,"column":44}},"444":{"start":{"line":445,"column":0},"end":{"line":445,"column":31}},"445":{"start":{"line":446,"column":0},"end":{"line":446,"column":21}},"446":{"start":{"line":447,"column":0},"end":{"line":447,"column":29}},"447":{"start":{"line":448,"column":0},"end":{"line":448,"column":24}},"449":{"start":{"line":450,"column":0},"end":{"line":450,"column":20}},"452":{"start":{"line":453,"column":0},"end":{"line":453,"column":91}},"453":{"start":{"line":454,"column":0},"end":{"line":454,"column":23}},"454":{"start":{"line":455,"column":0},"end":{"line":455,"column":45}},"455":{"start":{"line":456,"column":0},"end":{"line":456,"column":39}},"456":{"start":{"line":457,"column":0},"end":{"line":457,"column":50}},"457":{"start":{"line":458,"column":0},"end":{"line":458,"column":39}},"458":{"start":{"line":459,"column":0},"end":{"line":459,"column":37}},"460":{"start":{"line":461,"column":0},"end":{"line":461,"column":35}},"461":{"start":{"line":462,"column":0},"end":{"line":462,"column":22}},"462":{"start":{"line":463,"column":0},"end":{"line":463,"column":68}},"464":{"start":{"line":465,"column":0},"end":{"line":465,"column":23}},"466":{"start":{"line":467,"column":0},"end":{"line":467,"column":22}},"467":{"start":{"line":468,"column":0},"end":{"line":468,"column":42}},"469":{"start":{"line":470,"column":0},"end":{"line":470,"column":23}},"471":{"start":{"line":472,"column":0},"end":{"line":472,"column":25}},"473":{"start":{"line":474,"column":0},"end":{"line":474,"column":23}},"474":{"start":{"line":475,"column":0},"end":{"line":475,"column":44}},"475":{"start":{"line":476,"column":0},"end":{"line":476,"column":38}},"476":{"start":{"line":477,"column":0},"end":{"line":477,"column":39}},"477":{"start":{"line":478,"column":0},"end":{"line":478,"column":38}},"479":{"start":{"line":480,"column":0},"end":{"line":480,"column":41}},"481":{"start":{"line":482,"column":0},"end":{"line":482,"column":25}},"483":{"start":{"line":484,"column":0},"end":{"line":484,"column":23}},"484":{"start":{"line":485,"column":0},"end":{"line":485,"column":53}},"485":{"start":{"line":486,"column":0},"end":{"line":486,"column":64}},"486":{"start":{"line":487,"column":0},"end":{"line":487,"column":71}},"487":{"start":{"line":488,"column":0},"end":{"line":488,"column":39}},"489":{"start":{"line":490,"column":0},"end":{"line":490,"column":80}},"490":{"start":{"line":491,"column":0},"end":{"line":491,"column":25}},"491":{"start":{"line":492,"column":0},"end":{"line":492,"column":20}},"494":{"start":{"line":495,"column":0},"end":{"line":495,"column":29}},"495":{"start":{"line":496,"column":0},"end":{"line":496,"column":61}},"496":{"start":{"line":497,"column":0},"end":{"line":497,"column":31}},"497":{"start":{"line":498,"column":0},"end":{"line":498,"column":36}},"498":{"start":{"line":499,"column":0},"end":{"line":499,"column":52}},"499":{"start":{"line":500,"column":0},"end":{"line":500,"column":52}},"500":{"start":{"line":501,"column":0},"end":{"line":501,"column":53}},"501":{"start":{"line":502,"column":0},"end":{"line":502,"column":51}},"502":{"start":{"line":503,"column":0},"end":{"line":503,"column":21}},"503":{"start":{"line":504,"column":0},"end":{"line":504,"column":49}},"504":{"start":{"line":505,"column":0},"end":{"line":505,"column":68}},"505":{"start":{"line":506,"column":0},"end":{"line":506,"column":24}},"506":{"start":{"line":507,"column":0},"end":{"line":507,"column":60}},"507":{"start":{"line":508,"column":0},"end":{"line":508,"column":24}},"508":{"start":{"line":509,"column":0},"end":{"line":509,"column":48}},"509":{"start":{"line":510,"column":0},"end":{"line":510,"column":67}},"510":{"start":{"line":511,"column":0},"end":{"line":511,"column":22}},"511":{"start":{"line":512,"column":0},"end":{"line":512,"column":24}},"512":{"start":{"line":513,"column":0},"end":{"line":513,"column":22}},"514":{"start":{"line":515,"column":0},"end":{"line":515,"column":18}},"517":{"start":{"line":518,"column":0},"end":{"line":518,"column":77}},"519":{"start":{"line":520,"column":0},"end":{"line":520,"column":59}},"520":{"start":{"line":521,"column":0},"end":{"line":521,"column":28}},"521":{"start":{"line":522,"column":0},"end":{"line":522,"column":50}},"522":{"start":{"line":523,"column":0},"end":{"line":523,"column":34}},"523":{"start":{"line":524,"column":0},"end":{"line":524,"column":53}},"524":{"start":{"line":525,"column":0},"end":{"line":525,"column":49}},"525":{"start":{"line":526,"column":0},"end":{"line":526,"column":34}},"526":{"start":{"line":527,"column":0},"end":{"line":527,"column":39}},"527":{"start":{"line":528,"column":0},"end":{"line":528,"column":40}},"528":{"start":{"line":529,"column":0},"end":{"line":529,"column":19}},"529":{"start":{"line":530,"column":0},"end":{"line":530,"column":36}},"531":{"start":{"line":532,"column":0},"end":{"line":532,"column":21}},"533":{"start":{"line":534,"column":0},"end":{"line":534,"column":97}},"534":{"start":{"line":535,"column":0},"end":{"line":535,"column":29}},"535":{"start":{"line":536,"column":0},"end":{"line":536,"column":39}},"536":{"start":{"line":537,"column":0},"end":{"line":537,"column":89}},"537":{"start":{"line":538,"column":0},"end":{"line":538,"column":96}},"538":{"start":{"line":539,"column":0},"end":{"line":539,"column":20}},"539":{"start":{"line":540,"column":0},"end":{"line":540,"column":29}},"540":{"start":{"line":541,"column":0},"end":{"line":541,"column":42}},"541":{"start":{"line":542,"column":0},"end":{"line":542,"column":68}},"542":{"start":{"line":543,"column":0},"end":{"line":543,"column":79}},"543":{"start":{"line":544,"column":0},"end":{"line":544,"column":20}},"544":{"start":{"line":545,"column":0},"end":{"line":545,"column":29}},"545":{"start":{"line":546,"column":0},"end":{"line":546,"column":34}},"546":{"start":{"line":547,"column":0},"end":{"line":547,"column":60}},"547":{"start":{"line":548,"column":0},"end":{"line":548,"column":73}},"548":{"start":{"line":549,"column":0},"end":{"line":549,"column":20}},"549":{"start":{"line":550,"column":0},"end":{"line":550,"column":29}},"550":{"start":{"line":551,"column":0},"end":{"line":551,"column":42}},"551":{"start":{"line":552,"column":0},"end":{"line":552,"column":90}},"552":{"start":{"line":553,"column":0},"end":{"line":553,"column":94}},"553":{"start":{"line":554,"column":0},"end":{"line":554,"column":20}},"554":{"start":{"line":555,"column":0},"end":{"line":555,"column":22}},"555":{"start":{"line":556,"column":0},"end":{"line":556,"column":20}},"558":{"start":{"line":559,"column":0},"end":{"line":559,"column":79}},"559":{"start":{"line":560,"column":0},"end":{"line":560,"column":38}},"560":{"start":{"line":561,"column":0},"end":{"line":561,"column":52}},"561":{"start":{"line":562,"column":0},"end":{"line":562,"column":86}},"562":{"start":{"line":563,"column":0},"end":{"line":563,"column":71}},"563":{"start":{"line":564,"column":0},"end":{"line":564,"column":26}},"564":{"start":{"line":565,"column":0},"end":{"line":565,"column":87}},"565":{"start":{"line":566,"column":0},"end":{"line":566,"column":59}},"566":{"start":{"line":567,"column":0},"end":{"line":567,"column":78}},"567":{"start":{"line":568,"column":0},"end":{"line":568,"column":26}},"568":{"start":{"line":569,"column":0},"end":{"line":569,"column":110}},"569":{"start":{"line":570,"column":0},"end":{"line":570,"column":26}},"570":{"start":{"line":571,"column":0},"end":{"line":571,"column":50}},"571":{"start":{"line":572,"column":0},"end":{"line":572,"column":83}},"572":{"start":{"line":573,"column":0},"end":{"line":573,"column":24}},"573":{"start":{"line":574,"column":0},"end":{"line":574,"column":26}},"574":{"start":{"line":575,"column":0},"end":{"line":575,"column":24}},"576":{"start":{"line":577,"column":0},"end":{"line":577,"column":68}},"577":{"start":{"line":578,"column":0},"end":{"line":578,"column":108}},"578":{"start":{"line":579,"column":0},"end":{"line":579,"column":67}},"579":{"start":{"line":580,"column":0},"end":{"line":580,"column":32}},"580":{"start":{"line":581,"column":0},"end":{"line":581,"column":59}},"581":{"start":{"line":582,"column":0},"end":{"line":582,"column":57}},"582":{"start":{"line":583,"column":0},"end":{"line":583,"column":24}},"583":{"start":{"line":584,"column":0},"end":{"line":584,"column":24}},"585":{"start":{"line":586,"column":0},"end":{"line":586,"column":20}},"588":{"start":{"line":589,"column":0},"end":{"line":589,"column":60}},"589":{"start":{"line":590,"column":0},"end":{"line":590,"column":29}},"590":{"start":{"line":591,"column":0},"end":{"line":591,"column":34}},"591":{"start":{"line":592,"column":0},"end":{"line":592,"column":50}},"592":{"start":{"line":593,"column":0},"end":{"line":593,"column":39}},"593":{"start":{"line":594,"column":0},"end":{"line":594,"column":49}},"594":{"start":{"line":595,"column":0},"end":{"line":595,"column":19}},"595":{"start":{"line":596,"column":0},"end":{"line":596,"column":30}},"596":{"start":{"line":597,"column":0},"end":{"line":597,"column":52}},"597":{"start":{"line":598,"column":0},"end":{"line":598,"column":36}},"598":{"start":{"line":599,"column":0},"end":{"line":599,"column":36}},"599":{"start":{"line":600,"column":0},"end":{"line":600,"column":41}},"600":{"start":{"line":601,"column":0},"end":{"line":601,"column":42}},"601":{"start":{"line":602,"column":0},"end":{"line":602,"column":21}},"602":{"start":{"line":603,"column":0},"end":{"line":603,"column":39}},"604":{"start":{"line":605,"column":0},"end":{"line":605,"column":23}},"605":{"start":{"line":606,"column":0},"end":{"line":606,"column":46}},"606":{"start":{"line":607,"column":0},"end":{"line":607,"column":27}},"607":{"start":{"line":608,"column":0},"end":{"line":608,"column":58}},"608":{"start":{"line":609,"column":0},"end":{"line":609,"column":56}},"609":{"start":{"line":610,"column":0},"end":{"line":610,"column":44}},"611":{"start":{"line":612,"column":0},"end":{"line":612,"column":42}},"613":{"start":{"line":614,"column":0},"end":{"line":614,"column":29}},"615":{"start":{"line":616,"column":0},"end":{"line":616,"column":22}},"617":{"start":{"line":618,"column":0},"end":{"line":618,"column":43}},"618":{"start":{"line":619,"column":0},"end":{"line":619,"column":48}},"619":{"start":{"line":620,"column":0},"end":{"line":
[...]
ne":537,"column":42},"end":{"line":537,"column":89}}]},"15":{"type":"branch","line":537,"loc":{"start":{"line":537,"column":54},"end":{"line":537,"column":81}},"locations":[{"start":{"line":537,"column":54},"end":{"line":537,"column":81}}]},"16":{"type":"branch","line":537,"loc":{"start":{"line":537,"column":69},"end":{"line":537,"column":89}},"locations":[{"start":{"line":537,"column":69},"end":{"line":537,"column":89}}]},"17":{"type":"branch","line":538,"loc":{"start":{"line":538,"column":28},"end":{"line":538,"column":56}},"locations":[{"start":{"line":538,"column":28},"end":{"line":538,"column":56}}]},"18":{"type":"branch","line":538,"loc":{"start":{"line":538,"column":42},"end":{"line":538,"column":96}},"locations":[{"start":{"line":538,"column":42},"end":{"line":538,"column":96}}]},"19":{"type":"branch","line":538,"loc":{"start":{"line":538,"column":56},"end":{"line":538,"column":89}},"locations":[{"start":{"line":538,"column":56},"end":{"line":538,"column":89}}]},"20":{"type":"branch","line":538,"loc":{"start":{"line":538,"column":71},"end":{"line":538,"column":96}},"locations":[{"start":{"line":538,"column":71},"end":{"line":538,"column":96}}]},"21":{"type":"branch","line":542,"loc":{"start":{"line":542,"column":28},"end":{"line":542,"column":58}},"locations":[{"start":{"line":542,"column":28},"end":{"line":542,"column":58}}]},"22":{"type":"branch","line":542,"loc":{"start":{"line":542,"column":46},"end":{"line":542,"column":68}},"locations":[{"start":{"line":542,"column":46},"end":{"line":542,"column":68}}]},"23":{"type":"branch","line":543,"loc":{"start":{"line":543,"column":28},"end":{"line":543,"column":63}},"locations":[{"start":{"line":543,"column":28},"end":{"line":543,"column":63}}]},"24":{"type":"branch","line":543,"loc":{"start":{"line":543,"column":46},"end":{"line":543,"column":79}},"locations":[{"start":{"line":543,"column":46},"end":{"line":543,"column":79}}]},"25":{"type":"branch","line":547,"loc":{"start":{"line":547,"column":28},"end":{"line":547,"column":52}},"locations":[{"start":{"line":547,"column":28},"end":{"line":547,"column":52}}]},"26":{"type":"branch","line":547,"loc":{"start":{"line":547,"column":40},"end":{"line":547,"column":60}},"locations":[{"start":{"line":547,"column":40},"end":{"line":547,"column":60}}]},"27":{"type":"branch","line":548,"loc":{"start":{"line":548,"column":28},"end":{"line":548,"column":63}},"locations":[{"start":{"line":548,"column":28},"end":{"line":548,"column":63}}]},"28":{"type":"branch","line":548,"loc":{"start":{"line":548,"column":54},"end":{"line":548,"column":73}},"locations":[{"start":{"line":548,"column":54},"end":{"line":548,"column":73}}]},"29":{"type":"branch","line":552,"loc":{"start":{"line":552,"column":28},"end":{"line":552,"column":53}},"locations":[{"start":{"line":552,"column":28},"end":{"line":552,"column":53}}]},"30":{"type":"branch","line":552,"loc":{"start":{"line":552,"column":41},"end":{"line":552,"column":90}},"locations":[{"start":{"line":552,"column":41},"end":{"line":552,"column":90}}]},"31":{"type":"branch","line":552,"loc":{"start":{"line":552,"column":53},"end":{"line":552,"column":80}},"locations":[{"start":{"line":552,"column":53},"end":{"line":552,"column":80}}]},"32":{"type":"branch","line":552,"loc":{"start":{"line":552,"column":68},"end":{"line":552,"column":90}},"locations":[{"start":{"line":552,"column":68},"end":{"line":552,"column":90}}]},"33":{"type":"branch","line":553,"loc":{"start":{"line":553,"column":28},"end":{"line":553,"column":56}},"locations":[{"start":{"line":553,"column":28},"end":{"line":553,"column":56}}]},"34":{"type":"branch","line":553,"loc":{"start":{"line":553,"column":41},"end":{"line":553,"column":94}},"locations":[{"start":{"line":553,"column":41},"end":{"line":553,"column":94}}]},"35":{"type":"branch","line":553,"loc":{"start":{"line":553,"column":56},"end":{"line":553,"column":81}},"locations":[{"start":{"line":553,"column":56},"end":{"line":553,"column":81}}]},"36":{"type":"branch","line":553,"loc":{"start":{"line":553,"column":71},"end":{"line":553,"column":94}},"locations":[{"start":{"line":553,"column":71},"end":{"line":553,"column":94}}]},"37":{"type":"branch","line":560,"loc":{"start":{"line":560,"column":17},"end":{"line":575,"column":24}},"locations":[{"start":{"line":560,"column":17},"end":{"line":575,"column":24}}]},"38":{"type":"branch","line":575,"loc":{"start":{"line":575,"column":18},"end":{"line":584,"column":24}},"locations":[{"start":{"line":575,"column":18},"end":{"line":584,"column":24}}]},"39":{"type":"branch","line":580,"loc":{"start":{"line":580,"column":23},"end":{"line":581,"column":59}},"locations":[{"start":{"line":580,"column":23},"end":{"line":581,"column":59}}]},"40":{"type":"branch","line":606,"loc":{"start":{"line":606,"column":40},"end":{"line":614,"column":29}},"locations":[{"start":{"line":606,"column":40},"end":{"line":614,"column":29}}]},"41":{"type":"branch","line":618,"loc":{"start":{"line":618,"column":38},"end":{"line":636,"column":24}},"locations":[{"start":{"line":618,"column":38},"end":{"line":636,"column":24}}]},"42":{"type":"branch","line":636,"loc":{"start":{"line":636,"column":18},"end":{"line":640,"column":22}},"locations":[{"start":{"line":636,"column":18},"end":{"line":640,"column":22}}]},"43":{"type":"branch","line":64,"loc":{"start":{"line":64,"column":12},"end":{"line":66,"column":5}},"locations":[{"start":{"line":64,"column":12},"end":{"line":66,"column":5}}]},"44":{"type":"branch","line":74,"loc":{"start":{"line":74,"column":12},"end":{"line":105,"column":5}},"locations":[{"start":{"line":74,"column":12},"end":{"line":105,"column":5}}]},"45":{"type":"branch","line":83,"loc":{"start":{"line":83,"column":20},"end":{"line":104,"column":5}},"locations":[{"start":{"line":83,"column":20},"end":{"line":104,"column":5}}]},"46":{"type":"branch","line":85,"loc":{"start":{"line":85,"column":58},"end":{"line":89,"column":7}},"locations":[{"start":{"line":85,"column":58},"end":{"line":89,"column":7}}]},"47":{"type":"branch","line":87,"loc":{"start":{"line":87,"column":44},"end":{"line":87,"column":69}},"locations":[{"start":{"line":87,"column":44},"end":{"line":87,"column":69}}]},"48":{"type":"branch","line":89,"loc":{"start":{"line":89,"column":6},"end":{"line":103,"column":40}},"locations":[{"start":{"line":89,"column":6},"end":{"line":103,"column":40}}]},"49":{"type":"branch","line":94,"loc":{"start":{"line":94,"column":22},"end":{"line":99,"column":8}},"locations":[{"start":{"line":94,"column":22},"end":{"line":99,"column":8}}]},"50":{"type":"branch","line":96,"loc":{"start":{"line":96,"column":44},"end":{"line":98,"column":9}},"locations":[{"start":{"line":96,"column":44},"end":{"line":98,"column":9}}]},"51":{"type":"branch","line":108,"loc":{"start":{"line":108,"column":12},"end":{"line":125,"column":5}},"locations":[{"start":{"line":108,"column":12},"end":{"line":125,"column":5}}]},"52":{"type":"branch","line":109,"loc":{"start":{"line":109,"column":4},"end":{"line":122,"column":5}},"locations":[{"start":{"line":109,"column":4},"end":{"line":122,"column":5}}]},"53":{"type":"branch","line":111,"loc":{"start":{"line":111,"column":45},"end":{"line":114,"column":15}},"locations":[{"start":{"line":111,"column":45},"end":{"line":114,"column":15}}]},"54":{"type":"branch","line":114,"loc":{"start":{"line":114,"column":6},"end":{"line":119,"column":8}},"locations":[{"start":{"line":114,"column":6},"end":{"line":119,"column":8}}]},"55":{"type":"branch","line":119,"loc":{"start":{"line":119,"column":6},"end":{"line":121,"column":7}},"locations":[{"start":{"line":119,"column":6},"end":{"line":121,"column":7}}]},"56":{"type":"branch","line":128,"loc":{"start":{"line":128,"column":37},"end":{"line":147,"column":5}},"locations":[{"start":{"line":128,"column":37},"end":{"line":147,"column":5}}]},"57":{"type":"branch","line":129,"loc":{"start":{"line":129,"column":16},"end":{"line":129,"column":41}},"locations":[{"start":{"line":129,"column":16},"end":{"line":129,"column":41}}]},"58":{"type":"branch","line":129,"loc":{"start":{"line":129,"column":41},"end":{"line":129,"column":48}},"locations":[{"start":{"line":129,"column":41},"end":{"line":129,"column":48}}]},"59":{"type":"branch","line":129,"loc":{"start":{"line":129,"column":41},"end":{"line":146,"column":27}},"locations":[{"start":{"line":129,"column":41},"end":{"line":146,"column":27}}]},"60":{"type":"branch","line":149,"loc":{"start":{"line":149,"column":12},"end":{"line":153,"column":5}},"locations":[{"start":{"line":149,"column":12},"end":{"line":153,"column":5}}]},"61":{"type":"branch","line":150,"loc":{"start":{"line":150,"column":25},"end":{"line":152,"column":5}},"locations":[{"start":{"line":150,"column":25},"end":{"line":152,"column":5}}]},"62":{"type":"branch","line":247,"loc":{"start":{"line":247,"column":12},"end":{"line":251,"column":5}},"locations":[{"start":{"line":247,"column":12},"end":{"line":251,"column":5}}]},"63":{"type":"branch","line":248,"loc":{"start":{"line":248,"column":25},"end":{"line":250,"column":5}},"locations":[{"start":{"line":248,"column":25},"end":{"line":250,"column":5}}]},"64":{"type":"branch","line":270,"loc":{"start":{"line":270,"column":34},"end":{"line":298,"column":5}},"locations":[{"start":{"line":270,"column":34},"end":{"line":298,"column":5}}]},"65":{"type":"branch","line":279,"loc":{"start":{"line":279,"column":7},"end":{"line":286,"column":7}},"locations":[{"start":{"line":279,"column":7},"end":{"line":286,"column":7}}]},"66":{"type":"branch","line":285,"loc":{"start":{"line":285,"column":36},"end":{"line":286,"column":7}},"locations":[{"start":{"line":285,"column":36},"end":{"line":286,"column":7}}]},"67":{"type":"branch","line":286,"loc":{"start":{"line":286,"column":6},"end":{"line":292,"column":13}},"locations":[{"start":{"line":286,"column":6},"end":{"line":292,"column":13}}]},"68":{"type":"branch","line":301,"loc":{"start":{"line":301,"column":33},"end":{"line":322,"column":5}},"locations":[{"start":{"line":301,"column":33},"end":{"line":322,"column":5}}]},"69":{"type":"branch","line":302,"loc":{"start":{"line":302,"column":35},"end":{"line":305,"column":5}},"locations":[{"start":{"line":302,"column":35},"end":{"line":305,"column":5}}]},"70":{"type":"branch","line":307,"loc":{"start":{"line":307,"column":27},"end":{"line":310,"column":5}},"locations":[{"start":{"line":307,"column":27},"end":{"line":310,"column":5}}]},"71":{"type":"branch","line":312,"loc":{"start":{"line":312,"column":26},"end":{"line":314,"column":5}},"locations":[{"start":{"line":312,"column":26},"end":{"line":314,"column":5}}]},"72":{"type":"branch","line":308,"loc":{"start":{"line":308,"column":44},"end":{"line":308,"column":67}},"locations":[{"start":{"line":308,"column":44},"end":{"line":308,"column":67}}]},"73":{"type":"branch","line":325,"loc":{"start":{"line":325,"column":12},"end":{"line":336,"column":5}},"locations":[{"start":{"line":325,"column":12},"end":{"line":336,"column":5}}]},"74":{"type":"branch","line":326,"loc":{"start":{"line":326,"column":11},"end":{"line":335,"column":6}},"locations":[{"start":{"line":326,"column":11},"end":{"line":335,"column":6}}]},"75":{"type":"branch","line":328,"loc":{"start":{"line":328,"column":27},"end":{"line":331,"column":7}},"locations":[{"start":{"line":328,"column":27},"end":{"line":331,"column":7}}]},"76":{"type":"branch","line":332,"loc":{"start":{"line":332,"column":25},"end":{"line":332,"column":41}},"locations":[{"start":{"line":332,"column":25},"end":{"line":332,"column":41}}]},"77":{"type":"branch","line":332,"loc":{"start":{"line":332,"column":41},"end":{"line":334,"column":7}},"locations":[{"start":{"line":332,"column":41},"end":{"line":334,"column":7}}]},"78":{"type":"branch","line":348,"loc":{"start":{"line":348,"column":21},"end":{"line":351,"column":14}},"locations":[{"start":{"line":348,"column":21},"end":{"line":351,"column":14}}]},"79":{"type":"branch","line":362,"loc":{"start":{"line":362,"column":23},"end":{"line":365,"column":16}},"locations":[{"start":{"line":362,"column":23},"end":{"line":365,"column":16}}]},"80":{"type":"branch","line":486,"loc":{"start":{"line":486,"column":27},"end":{"line":486,"column":64}},"locations":[{"start":{"line":486,"column":27},"end":{"line":486,"column":64}}]},"81":{"type":"branch","line":699,"loc":{"start":{"line":699,"column":0},"end":{"line":731,"column":1}},"locations":[{"start":{"line":699,"column":0},"end":{"line":731,"column":1}}]},"82":{"type":"branch","line":721,"loc":{"start":{"line":721,"column":26},"end":{"line":722,"column":34}},"locations":[{"start":{"line":721,"column":26},"end":{"line":722,"column":34}}]},"83":{"type":"branch","line":722,"loc":{"start":{"line":722,"column":12},"end":{"line":725,"column":40}},"locations":[{"start":{"line":722,"column":12},"end":{"line":725,"column":40}}]},"84":{"type":"branch","line":723,"loc":{"start":{"line":723,"column":23},"end":{"line":724,"column":36}},"locations":[{"start":{"line":723,"column":23},"end":{"line":724,"column":36}}]},"85":{"type":"branch","line":724,"loc":{"start":{"line":724,"column":14},"end":{"line":725,"column":40}},"locations":[{"start":{"line":724,"column":14},"end":{"line":725,"column":40}}]}},"b":{"0":[83],"1":[15],"2":[5],"3":[81],"4":[0],"5":[81],"6":[64],"7":[17],"8":[80],"9":[1],"10":[80],"11":[1],"12":[0],"13":[15],"14":[66],"15":[64],"16":[2],"17":[15],"18":[66],"19":[64],"20":[2],"21":[15],"22":[66],"23":[15],"24":[66],"25":[0],"26":[81],"27":[0],"28":[81],"29":[0],"30":[81],"31":[80],"32":[1],"33":[0],"34":[81],"35":[80],"36":[1],"37":[0],"38":[81],"39":[0],"40":[0],"41":[0],"42":[81],"43":[61],"44":[59],"45":[177],"46":[6],"47":[2],"48":[171],"49":[171],"50":[57],"51":[59],"52":[59],"53":[57],"54":[1],"55":[58],"56":[9],"57":[3],"58":[6],"59":[3],"60":[68],"61":[9],"62":[59],"63":[0],"64":[3],"65":[1],"66":[0],"67":[0],"68":[61],"69":[0],"70":[1],"71":[2],"72":[1],"73":[59],"74":[59],"75":[3],"76":[5],"77":[5],"78":[1],"79":[1],"80":[2],"81":[312],"82":[101],"83":[211],"84":[131],"85":[80]},"fnMap":{"0":{"name":"LibrasTranslator","decl":{"start":{"line":39,"column":0},"end":{"line":695,"column":1}},"loc":{"start":{"line":39,"column":0},"end":{"line":695,"column":1}},"line":39},"1":{"name":"script.onload","decl":{"start":{"line":94,"column":22},"end":{"line":99,"column":8}},"loc":{"start":{"line":94,"column":22},"end":{"line":99,"column":8}},"line":94},"2":{"name":"script.onerror","decl":{"start":{"line":100,"column":23},"end":{"line":102,"column":8}},"loc":{"start":{"line":100,"column":23},"end":{"line":102,"column":8}},"line":100},"3":{"name":"loadModel","decl":{"start":{"line":109,"column":4},"end":{"line":122,"column":5}},"loc":{"start":{"line":109,"column":4},"end":{"line":122,"column":5}},"line":109},"4":{"name":"locateFile","decl":{"start":{"line":132,"column":18},"end":{"line":133,"column":63}},"loc":{"start":{"line":132,"column":18},"end":{"line":133,"column":63}},"line":132},"5":{"name":"onClick","decl":{"start":{"line":348,"column":21},"end":{"line":351,"column":14}},"loc":{"start":{"line":348,"column":21},"end":{"line":351,"column":14}},"line":348},"6":{"name":"onClick","decl":{"start":{"line":362,"column":23},"end":{"line":365,"column":16}},"loc":{"start":{"line":362,"column":23},"end":{"line":365,"column":16}},"line":362},"7":{"name":"onClick","decl":{"start":{"line":486,"column":27},"end":{"line":486,"column":64}},"loc":{"start":{"line":486,"column":27},"end":{"line":486,"column":64}},"line":486},"8":{"name":"onClick","decl":{"start":{"line":609,"column":31},"end":{"line":609,"column":56}},"loc":{"start":{"line":609,"column":31},"end":{"line":609,"column":56}},"line":609},"9":{"name":"StatusItem","decl":{"start":{"line":699,"column":0},"end":{"line":731,"column":1}},"loc":{"start":{"line":699,"column":0},"end":{"line":731,"column":1}},"line":699}},"f":{"0":83,"1":171,"2":0,"3":59,"4":0,"5":1,"6":1,"7":2,"8":0,"9":312}}
,"C:\\Users\\Rodrigo\\Downloads\\Bagunça\\Códigos\\Tradutor-Libras\\src\\pages\\NotFound.tsx": {"path":"C:\\Users\\Rodrigo\\Downloads\\Bagunça\\Códigos\\Tradutor-Libras\\src\\pages\\NotFound.tsx","all":false,"statementMap":{"0":{"start":{"line":1,"column":0},"end":{"line":1,"column":47}},"3":{"start":{"line":4,"column":0},"end":{"line":4,"column":36}},"4":{"start":{"line":5,"column":0},"end":{"line":5,"column":33}},"6":{"start":{"line":7,"column":0},"end":{"line":7,"column":10}},"7":{"start":{"line":8,"column":0},"end":{"line":8,"column":9}},"9":{"start":{"line":10,"column":0},"end":{"line":10,"column":33}},"10":{"start":{"line":11,"column":0},"end":{"line":11,"column":38}},"11":{"start":{"line":12,"column":0},"end":{"line":12,"column":14}},"12":{"start":{"line":13,"column":0},"end":{"line":13,"column":35}},"13":{"start":{"line":14,"column":0},"end":{"line":14,"column":41}},"14":{"start":{"line":15,"column":0},"end":{"line":15,"column":25}},"15":{"start":{"line":16,"column":0},"end":{"line":16,"column":24}},"17":{"start":{"line":18,"column":0},"end":{"line":18,"column":56}},"18":{"start":{"line":19,"column":0},"end":{"line":19,"column":40}},"19":{"start":{"line":20,"column":0},"end":{"line":20,"column":16}},"20":{"start":{"line":21,"column":0},"end":{"line":21,"column":14}},"21":{"start":{"line":22,"column":0},"end":{"line":22,"column":15}},"24":{"start":{"line":25,"column":0},"end":{"line":25,"column":52}},"25":{"start":{"line":26,"column":0},"end":{"line":26,"column":49}},"26":{"start":{"line":27,"column":0},"end":{"line":27,"column":38}},"28":{"start":{"line":29,"column":0},"end":{"line":29,"column":12}},"29":{"start":{"line":30,"column":0},"end":{"line":30,"column":64}},"30":{"start":{"line":31,"column":0},"end":{"line":31,"column":76}},"31":{"start":{"line":32,"column":0},"end":{"line":32,"column":30}},"33":{"start":{"line":34,"column":0},"end":{"line":34,"column":19}},"34":{"start":{"line":35,"column":0},"end":{"line":35,"column":86}},"35":{"start":{"line":36,"column":0},"end":{"line":36,"column":35}},"37":{"start":{"line":38,"column":0},"end":{"line":38,"column":19}},"38":{"start":{"line":39,"column":0},"end":{"line":39,"column":14}},"39":{"start":{"line":40,"column":0},"end":{"line":40,"column":12}},"40":{"start":{"line":41,"column":0},"end":{"line":41,"column":10}},"42":{"start":{"line":43,"column":0},"end":{"line":43,"column":1}}},"s":{"0":1,"3":17,"4":17,"6":17,"7":17,"9":17,"10":17,"11":17,"12":17,"13":17,"14":17,"15":17,"17":17,"18":17,"19":17,"20":17,"21":17,"24":17,"25":17,"26":17,"28":17,"29":17,"30":17,"31":17,"33":17,"34":17,"35":17,"37":17,"38":17,"39":17,"40":17,"42":17},"branchMap":{"0":{"type":"branch","line":4,"loc":{"start":{"line":4,"column":0},"end":{"line":43,"column":1}},"locations":[{"start":{"line":4,"column":0},"end":{"line":43,"column":1}}]},"1":{"type":"branch","line":14,"loc":{"start":{"line":14,"column":21},"end":{"line":14,"column":41}},"locations":[{"start":{"line":14,"column":21},"end":{"line":14,"column":41}}]},"2":{"type":"branch","line":31,"loc":{"start":{"line":31,"column":55},"end":{"line":31,"column":76}},"locations":[{"start":{"line":31,"column":55},"end":{"line":31,"column":76}}]},"3":{"type":"branch","line":35,"loc":{"start":{"line":35,"column":57},"end":{"line":35,"column":86}},"locations":[{"start":{"line":35,"column":57},"end":{"line":35,"column":86}}]}},"b":{"0":[17],"1":[1],"2":[1],"3":[1]},"fnMap":{"0":{"name":"NotFound","decl":{"start":{"line":4,"column":0},"end":{"line":43,"column":1}},"loc":{"start":{"line":4,"column":0},"end":{"line":43,"column":1}},"line":4},"1":{"name":"onClick","decl":{"start":{"line":14,"column":21},"end":{"line":14,"column":41}},"loc":{"start":{"line":14,"column":21},"end":{"line":14,"column":41}},"line":14},"2":{"name":"onClick","decl":{"start":{"line":31,"column":55},"end":{"line":31,"column":76}},"loc":{"start":{"line":31,"column":55},"end":{"line":31,"column":76}},"line":31},"3":{"name":"onClick","decl":{"start":{"line":35,"column":57},"end":{"line":35,"column":86}},"loc":{"start":{"line":35,"column":57},"end":{"line":35,"column":86}},"line":35}},"f":{"0":17,"1":1,"2":1,"3":1}}
}
