TN:
SF:src\App.tsx
FN:6,App
FNF:1
FNH:1
FNDA:1,App
DA:1,1
DA:6,1
DA:7,1
DA:8,1
DA:9,1
DA:10,1
DA:11,1
DA:12,1
DA:13,1
DA:14,1
DA:16,1
LF:11
LH:11
BRDA:6,0,0,1
BRF:1
BRH:1
end_of_record
TN:
SF:src\lib\libras.ts
FN:59,extractLandmarks
FN:83,normalizeFeatures
FN:105,<instance_members_initializer>
FN:108,FrameBuffer
FN:115,push
FN:125,isFull
FN:132,getData
FN:139,shift
FN:147,clear
FN:154,get size
FN:167,classifySignal
FN:200,mapClassToSignal
FN:214,runInference
FN:252,loadModelAssets
FN:280,speakSignal
FNF:15
FNH:15
FNDA:5,extractLandmarks
FNDA:66,normalizeFeatures
FNDA:13,<instance_members_initializer>
FNDA:13,FrameBuffer
FNDA:185,push
FNDA:5,isFull
FNDA:4,getData
FNDA:3,shift
FNDA:1,clear
FNDA:8,get size
FNDA:13,classifySignal
FNDA:15,mapClassToSignal
FNDA:2,runInference
FNDA:3,loadModelAssets
FNDA:8,speakSignal
DA:1,1
DA:18,1
DA:19,1
DA:20,1
DA:21,1
DA:22,1
DA:23,1
DA:59,1
DA:60,5
DA:62,5
DA:63,165
DA:64,100
DA:65,100
DA:66,100
DA:67,100
DA:68,100
DA:70,165
DA:72,5
DA:73,5
DA:83,1
DA:84,66
DA:85,66
DA:86,66
DA:87,66
DA:89,66
DA:90,6534
DA:91,6534
DA:92,6534
DA:94,66
DA:95,66
DA:104,1
DA:105,1
DA:106,13
DA:108,1
DA:109,13
DA:110,13
DA:115,1
DA:116,185
DA:117,185
DA:118,30
DA:119,30
DA:120,185
DA:125,1
DA:126,5
DA:127,5
DA:132,1
DA:133,4
DA:134,4
DA:139,1
DA:140,3
DA:141,3
DA:142,3
DA:147,1
DA:148,1
DA:149,1
DA:154,1
DA:155,8
DA:156,8
DA:157,1
DA:167,1
DA:168,13
DA:169,13
DA:170,13
DA:171,13
DA:172,13
DA:173,13
DA:175,13
DA:176,143
DA:177,16
DA:178,16
DA:179,16
DA:180,143
DA:183,13
DA:184,3
DA:185,3
DA:187,10
DA:189,10
DA:190,10
DA:191,10
DA:192,10
DA:193,10
DA:194,10
DA:195,10
DA:200,1
DA:201,15
DA:202,15
DA:203,15
DA:204,15
DA:205,15
DA:214,2
DA:215,2
DA:216,2
DA:217,2
DA:218,2
DA:220,2
DA:223,2
DA:224,2
DA:225,60
DA:226,60
DA:228,2
DA:229,2
DA:231,2
DA:233,2
DA:234,2
DA:235,1
DA:236,2
DA:238,2
DA:239,2
DA:240,1
DA:241,1
DA:242,2
DA:243,2
DA:252,3
DA:254,3
DA:255,3
DA:256,3
DA:257,3
DA:258,3
DA:260,3
DA:261,1
DA:262,1
DA:263,3
DA:264,1
DA:265,1
DA:267,1
DA:268,1
DA:270,1
DA:271,1
DA:280,1
DA:281,8
DA:282,8
DA:288,8
DA:289,8
DA:290,1
DA:291,1
DA:292,1
DA:295,7
DA:298,7
DA:300,7
DA:301,7
DA:302,8
DA:303,8
DA:304,8
DA:306,8
DA:307,1
DA:308,1
DA:310,7
DA:312,7
DA:313,7
DA:319,1
DA:320,1
DA:321,1
DA:322,1
DA:323,1
DA:324,1
DA:325,1
DA:326,1
DA:327,1
DA:328,1
DA:329,1
DA:330,1
DA:331,1
LF:162
LH:162
BRDA:59,0,0,5
BRDA:62,1,0,165
BRDA:63,2,0,100
BRDA:65,3,0,33
BRDA:66,4,0,33
BRDA:67,5,0,33
BRDA:83,6,0,66
BRDA:89,7,0,6534
BRDA:90,8,0,99
BRDA:105,9,0,13
BRDA:108,10,0,13
BRDA:115,11,0,185
BRDA:117,12,0,30
BRDA:125,13,0,5
BRDA:132,14,0,4
BRDA:139,15,0,3
BRDA:147,16,0,1
BRDA:154,17,0,8
BRDA:167,18,0,13
BRDA:175,19,0,143
BRDA:176,20,0,16
BRDA:183,21,0,3
BRDA:185,22,0,10
BRDA:200,23,0,15
BRDA:204,24,0,2
BRDA:214,25,0,2
BRDA:224,26,0,60
BRDA:234,27,0,1
BRDA:239,28,0,1
BRDA:220,29,0,60
BRDA:252,30,0,3
BRDA:260,31,0,1
BRDA:262,32,0,2
BRDA:263,33,0,1
BRDA:280,34,0,8
BRDA:289,35,0,1
BRDA:292,36,0,7
BRDA:302,37,0,2
BRDA:302,38,0,6
BRDA:303,39,0,2
BRDA:303,40,0,6
BRDA:304,41,0,2
BRDA:304,42,0,6
BRDA:306,43,0,2
BRDA:306,44,0,1
BRDA:308,45,0,7
BRF:46
BRH:46
end_of_record
TN:
SF:src\lib\utils.ts
FN:8,cn
FN:15,formatPercent
FN:22,formatTime
FNF:3
FNH:3
FNDA:92,cn
FNDA:8,formatPercent
FNDA:5,formatTime
DA:8,1
DA:9,92
DA:10,92
DA:15,1
DA:16,8
DA:17,8
DA:22,1
DA:23,5
DA:24,5
DA:25,5
DA:26,5
DA:27,5
DA:28,5
LF:13
LH:13
BRDA:8,0,0,92
BRDA:15,1,0,8
BRDA:22,2,0,5
BRF:3
BRH:3
end_of_record
TN:
SF:src\pages\Home.tsx
FN:56,Home
FN:66,onClick
FN:77,onClick
FN:110,onClick
FN:234,onClick
FNF:5
FNH:5
FNDA:42,Home
FNDA:1,onClick
FNDA:1,onClick
FNDA:1,onClick
FNDA:1,onClick
DA:1,1
DA:18,1
DA:19,1
DA:20,1
DA:21,1
DA:23,1
DA:24,1
DA:25,1
DA:26,1
DA:27,1
DA:28,1
DA:29,1
DA:30,1
DA:31,1
DA:32,1
DA:33,1
DA:34,1
DA:35,1
DA:36,1
DA:37,1
DA:38,1
DA:39,1
DA:41,1
DA:42,1
DA:43,1
DA:44,1
DA:45,1
DA:46,1
DA:47,1
DA:49,1
DA:50,1
DA:51,1
DA:52,1
DA:53,1
DA:54,1
DA:56,42
DA:57,42
DA:59,42
DA:60,42
DA:62,42
DA:63,42
DA:64,42
DA:65,42
DA:66,42
DA:67,42
DA:68,42
DA:69,42
DA:71,42
DA:72,42
DA:73,42
DA:74,42
DA:75,42
DA:76,42
DA:77,42
DA:78,42
DA:79,42
DA:81,42
DA:82,42
DA:83,42
DA:84,42
DA:85,42
DA:88,42
DA:89,42
DA:90,42
DA:91,42
DA:92,42
DA:93,42
DA:95,42
DA:96,42
DA:97,42
DA:98,42
DA:99,42
DA:101,42
DA:105,42
DA:107,42
DA:108,42
DA:109,42
DA:110,42
DA:111,42
DA:112,42
DA:114,42
DA:115,42
DA:116,42
DA:117,42
DA:118,42
DA:119,42
DA:120,42
DA:122,42
DA:123,42
DA:124,42
DA:125,42
DA:126,42
DA:129,42
DA:130,42
DA:131,42
DA:132,42
DA:134,42
DA:136,42
DA:137,42
DA:138,126
DA:139,126
DA:140,126
DA:141,126
DA:143,126
DA:144,126
DA:145,126
DA:146,126
DA:147,42
DA:148,42
DA:149,42
DA:150,42
DA:153,42
DA:154,42
DA:155,42
DA:157,42
DA:158,42
DA:160,42
DA:162,42
DA:163,42
DA:164,210
DA:165,210
DA:166,210
DA:167,210
DA:168,210
DA:169,210
DA:170,210
DA:171,210
DA:172,210
DA:173,168
DA:175,210
DA:176,42
DA:177,42
DA:178,42
DA:179,42
DA:182,42
DA:183,42
DA:184,42
DA:186,42
DA:187,42
DA:189,42
DA:191,42
DA:192,42
DA:193,168
DA:194,168
DA:195,168
DA:196,168
DA:198,168
DA:199,168
DA:200,168
DA:201,42
DA:202,42
DA:203,42
DA:204,42
DA:207,42
DA:208,42
DA:209,42
DA:211,42
DA:212,42
DA:214,42
DA:216,42
DA:217,42
DA:218,420
DA:219,420
DA:220,420
DA:221,420
DA:223,420
DA:224,420
DA:225,420
DA:226,420
DA:227,420
DA:228,42
DA:229,42
DA:231,42
DA:232,42
DA:233,42
DA:234,42
DA:235,42
DA:236,42
DA:238,42
DA:239,42
DA:240,42
DA:241,42
DA:242,42
DA:245,42
DA:246,42
DA:247,42
DA:248,42
DA:250,42
DA:251,42
DA:253,42
DA:254,42
DA:255,42
DA:256,42
DA:258,42
LF:194
LH:194
BRDA:56,0,0,42
BRDA:66,1,0,1
BRDA:77,2,0,1
BRDA:110,3,0,1
BRDA:137,4,0,126
BRDA:163,5,0,210
BRDA:172,6,0,168
BRDA:192,7,0,168
BRDA:217,8,0,420
BRDA:224,9,0,0
BRDA:234,10,0,1
BRF:11
BRH:10
end_of_record
TN:
SF:src\pages\LibrasTranslator.tsx
FN:39,LibrasTranslator
FN:94,script.onload
FN:100,script.onerror
FN:109,loadModel
FN:132,locateFile
FN:348,onClick
FN:362,onClick
FN:486,onClick
FN:609,onClick
FN:699,StatusItem
FNF:10
FNH:7
FNDA:83,LibrasTranslator
FNDA:171,script.onload
FNDA:0,script.onerror
FNDA:59,loadModel
FNDA:0,locateFile
FNDA:1,onClick
FNDA:1,onClick
FNDA:2,onClick
FNDA:0,onClick
FNDA:312,StatusItem
DA:1,1
DA:39,83
DA:40,83
DA:43,83
DA:44,83
DA:45,83
DA:46,83
DA:47,83
DA:48,83
DA:49,83
DA:50,83
DA:51,83
DA:54,83
DA:55,83
DA:56,83
DA:57,83
DA:58,83
DA:59,83
DA:60,83
DA:61,83
DA:62,83
DA:63,83
DA:64,83
DA:65,61
DA:66,83
DA:67,83
DA:68,83
DA:71,83
DA:74,83
DA:75,59
DA:76,59
DA:77,59
DA:78,59
DA:79,59
DA:81,59
DA:83,59
DA:85,177
DA:86,6
DA:87,6
DA:88,6
DA:89,6
DA:91,171
DA:92,171
DA:93,171
DA:94,171
DA:95,171
DA:96,171
DA:97,57
DA:98,57
DA:99,171
DA:100,171
DA:101,0
DA:102,0
DA:103,171
DA:104,59
DA:105,83
DA:108,83
DA:109,59
DA:110,59
DA:111,59
DA:112,57
DA:113,57
DA:114,59
DA:115,1
DA:116,1
DA:117,1
DA:118,1
DA:119,59
DA:120,58
DA:121,58
DA:122,59
DA:124,59
DA:125,83
DA:128,83
DA:129,9
DA:131,3
DA:132,3
DA:133,0
DA:134,3
DA:136,3
DA:137,3
DA:138,3
DA:139,3
DA:140,3
DA:141,3
DA:142,3
DA:143,3
DA:145,3
DA:146,3
DA:147,83
DA:149,83
DA:150,68
DA:151,9
DA:152,9
DA:153,83
DA:156,83
DA:157,83
DA:159,0
DA:160,0
DA:161,0
DA:162,0
DA:163,0
DA:164,0
DA:165,0
DA:167,0
DA:169,0
DA:170,0
DA:171,0
DA:172,0
DA:174,0
DA:175,0
DA:176,0
DA:177,0
DA:178,0
DA:179,0
DA:180,0
DA:183,0
DA:184,0
DA:185,0
DA:186,0
DA:187,0
DA:190,0
DA:191,0
DA:193,0
DA:194,0
DA:195,0
DA:197,0
DA:198,0
DA:199,0
DA:200,0
DA:201,0
DA:202,0
DA:203,0
DA:205,0
DA:206,0
DA:207,0
DA:208,0
DA:210,0
DA:211,0
DA:212,0
DA:215,0
DA:216,0
DA:217,0
DA:218,0
DA:219,0
DA:220,0
DA:221,0
DA:224,0
DA:225,0
DA:226,0
DA:227,0
DA:228,0
DA:229,0
DA:230,0
DA:231,0
DA:232,0
DA:235,0
DA:236,0
DA:237,0
DA:238,0
DA:239,0
DA:240,0
DA:241,0
DA:242,0
DA:243,83
DA:244,83
DA:247,83
DA:248,59
DA:249,0
DA:250,0
DA:251,83
DA:254,83
DA:255,0
DA:256,0
DA:258,0
DA:259,0
DA:260,0
DA:261,0
DA:263,0
DA:264,0
DA:266,0
DA:267,83
DA:270,83
DA:271,3
DA:272,3
DA:273,3
DA:274,3
DA:275,3
DA:276,3
DA:277,3
DA:278,3
DA:279,3
DA:281,1
DA:283,1
DA:284,1
DA:285,1
DA:286,0
DA:288,0
DA:289,0
DA:290,0
DA:291,0
DA:292,3
DA:293,3
DA:294,3
DA:295,3
DA:296,3
DA:297,3
DA:298,83
DA:301,83
DA:302,61
DA:303,0
DA:304,0
DA:305,0
DA:307,61
DA:308,1
DA:309,1
DA:310,1
DA:312,61
DA:313,2
DA:314,2
DA:316,61
DA:317,61
DA:318,61
DA:319,61
DA:320,61
DA:321,61
DA:322,83
DA:325,83
DA:326,59
DA:327,59
DA:328,59
DA:329,3
DA:330,3
DA:331,3
DA:332,59
DA:333,5
DA:334,5
DA:335,59
DA:336,83
DA:339,83
DA:341,83
DA:342,83
DA:344,83
DA:345,83
DA:346,83
DA:347,83
DA:348,83
DA:349,1
DA:350,1
DA:351,1
DA:352,83
DA:353,83
DA:354,83
DA:356,83
DA:357,83
DA:358,83
DA:359,83
DA:360,83
DA:361,83
DA:362,83
DA:363,1
DA:364,1
DA:365,1
DA:366,83
DA:368,83
DA:370,83
DA:371,83
DA:372,83
DA:373,83
DA:376,83
DA:377,83
DA:379,83
DA:380,83
DA:381,83
DA:382,83
DA:383,83
DA:384,83
DA:385,83
DA:386,83
DA:388,83
DA:389,83
DA:391,83
DA:392,83
DA:395,83
DA:396,5
DA:397,5
DA:398,5
DA:399,5
DA:403,83
DA:405,83
DA:407,83
DA:408,83
DA:409,83
DA:410,83
DA:411,83
DA:412,83
DA:413,83
DA:414,83
DA:415,83
DA:416,83
DA:417,83
DA:418,83
DA:419,83
DA:420,83
DA:422,83
DA:423,81
DA:424,81
DA:425,81
DA:426,81
DA:428,81
DA:429,81
DA:433,83
DA:434,0
DA:435,0
DA:436,0
DA:437,0
DA:438,0
DA:439,0
DA:440,0
DA:441,0
DA:442,0
DA:443,0
DA:444,0
DA:445,0
DA:446,0
DA:447,0
DA:448,0
DA:450,83
DA:453,83
DA:454,83
DA:455,83
DA:456,83
DA:457,83
DA:458,83
DA:459,83
DA:461,83
DA:462,64
DA:463,64
DA:465,64
DA:467,17
DA:468,17
DA:470,17
DA:472,83
DA:474,83
DA:475,83
DA:476,83
DA:477,83
DA:478,83
DA:480,83
DA:482,83
DA:484,83
DA:485,83
DA:486,83
DA:487,83
DA:488,83
DA:490,83
DA:491,83
DA:492,83
DA:495,83
DA:496,0
DA:497,0
DA:498,0
DA:499,0
DA:500,0
DA:501,0
DA:502,0
DA:503,0
DA:504,0
DA:505,0
DA:506,0
DA:507,0
DA:508,0
DA:509,0
DA:510,0
DA:511,0
DA:512,0
DA:513,0
DA:515,83
DA:518,83
DA:520,83
DA:521,83
DA:522,83
DA:523,83
DA:524,83
DA:525,83
DA:526,83
DA:527,83
DA:528,83
DA:529,83
DA:530,83
DA:532,83
DA:534,83
DA:535,83
DA:536,83
DA:537,83
DA:538,83
DA:539,83
DA:540,83
DA:541,83
DA:542,83
DA:543,83
DA:544,83
DA:545,83
DA:546,83
DA:547,83
DA:548,83
DA:549,83
DA:550,83
DA:551,83
DA:552,83
DA:553,83
DA:554,83
DA:555,83
DA:556,83
DA:559,83
DA:560,83
DA:561,0
DA:562,0
DA:563,0
DA:564,0
DA:565,0
DA:566,0
DA:567,0
DA:568,0
DA:569,0
DA:570,0
DA:571,0
DA:572,0
DA:573,0
DA:574,0
DA:575,0
DA:577,81
DA:578,81
DA:579,81
DA:580,81
DA:581,0
DA:582,81
DA:583,81
DA:584,81
DA:586,83
DA:589,83
DA:590,83
DA:591,83
DA:592,83
DA:593,83
DA:594,83
DA:595,83
DA:596,83
DA:597,83
DA:598,83
DA:599,83
DA:600,83
DA:601,83
DA:602,83
DA:603,83
DA:605,83
DA:606,83
DA:607,0
DA:608,0
DA:609,0
DA:610,0
DA:612,0
DA:614,0
DA:616,83
DA:618,83
DA:619,0
DA:620,0
DA:621,0
DA:622,0
DA:623,0
DA:624,0
DA:625,0
DA:626,0
DA:627,0
DA:628,0
DA:629,0
DA:630,0
DA:631,0
DA:632,0
DA:633,0
DA:634,0
DA:635,0
DA:636,0
DA:638,81
DA:640,81
DA:642,83
DA:645,83
DA:646,83
DA:647,83
DA:648,83
DA:649,83
DA:650,83
DA:651,83
DA:652,83
DA:653,83
DA:654,83
DA:656,83
DA:658,83
DA:659,83
DA:660,83
DA:662,83
DA:663,83
DA:664,83
DA:666,83
DA:667,83
DA:668,83
DA:670,83
DA:671,83
DA:672,83
DA:674,83
DA:675,83
DA:676,83
DA:677,83
DA:678,83
DA:679,83
DA:680,83
DA:683,83
DA:684,83
DA:685,83
DA:687,83
DA:688,83
DA:690,83
DA:691,83
DA:692,83
DA:693,83
DA:695,83
DA:699,312
DA:700,312
DA:701,312
DA:702,312
DA:703,312
DA:707,312
DA:708,312
DA:709,312
DA:710,312
DA:711,312
DA:712,312
DA:713,312
DA:714,312
DA:715,312
DA:716,312
DA:717,312
DA:718,312
DA:719,312
DA:720,312
DA:721,312
DA:722,101
DA:723,211
DA:724,131
DA:725,80
DA:726,312
DA:727,312
DA:728,312
DA:729,312
DA:731,312
LF:555
LH:393
BRDA:39,0,0,83
BRDA:339,1,0,15
BRDA:395,2,0,5
BRDA:422,3,0,81
BRDA:433,4,0,0
BRDA:457,5,0,81
BRDA:461,6,0,64
BRDA:465,7,0,17
BRDA:487,8,0,80
BRDA:487,9,0,1
BRDA:490,10,0,80
BRDA:490,11,0,1
BRDA:495,12,0,0
BRDA:537,13,0,15
BRDA:537,14,0,66
BRDA:537,15,0,64
BRDA:537,16,0,2
BRDA:538,17,0,15
BRDA:538,18,0,66
BRDA:538,19,0,64
BRDA:538,20,0,2
BRDA:542,21,0,15
BRDA:542,22,0,66
BRDA:543,23,0,15
BRDA:543,24,0,66
BRDA:547,25,0,0
BRDA:547,26,0,81
BRDA:548,27,0,0
BRDA:548,28,0,81
BRDA:552,29,0,0
BRDA:552,30,0,81
BRDA:552,31,0,80
BRDA:552,32,0,1
BRDA:553,33,0,0
BRDA:553,34,0,81
BRDA:553,35,0,80
BRDA:553,36,0,1
BRDA:560,37,0,0
BRDA:575,38,0,81
BRDA:580,39,0,0
BRDA:606,40,0,0
BRDA:618,41,0,0
BRDA:636,42,0,81
BRDA:64,43,0,61
BRDA:74,44,0,59
BRDA:83,45,0,177
BRDA:85,46,0,6
BRDA:87,47,0,2
BRDA:89,48,0,171
BRDA:94,49,0,171
BRDA:96,50,0,57
BRDA:108,51,0,59
BRDA:109,52,0,59
BRDA:111,53,0,57
BRDA:114,54,0,1
BRDA:119,55,0,58
BRDA:128,56,0,9
BRDA:129,57,0,3
BRDA:129,58,0,6
BRDA:129,59,0,3
BRDA:149,60,0,68
BRDA:150,61,0,9
BRDA:247,62,0,59
BRDA:248,63,0,0
BRDA:270,64,0,3
BRDA:279,65,0,1
BRDA:285,66,0,0
BRDA:286,67,0,0
BRDA:301,68,0,61
BRDA:302,69,0,0
BRDA:307,70,0,1
BRDA:312,71,0,2
BRDA:308,72,0,1
BRDA:325,73,0,59
BRDA:326,74,0,59
BRDA:328,75,0,3
BRDA:332,76,0,5
BRDA:332,77,0,5
BRDA:348,78,0,1
BRDA:362,79,0,1
BRDA:486,80,0,2
BRDA:699,81,0,312
BRDA:721,82,0,101
BRDA:722,83,0,211
BRDA:723,84,0,131
BRDA:724,85,0,80
BRF:86
BRH:72
end_of_record
TN:
SF:src\pages\NotFound.tsx
FN:4,NotFound
FN:14,onClick
FN:31,onClick
FN:35,onClick
FNF:4
FNH:4
FNDA:17,NotFound
FNDA:1,onClick
FNDA:1,onClick
FNDA:1,onClick
DA:1,1
DA:4,17
DA:5,17
DA:7,17
DA:8,17
DA:10,17
DA:11,17
DA:12,17
DA:13,17
DA:14,17
DA:15,17
DA:16,17
DA:18,17
DA:19,17
DA:20,17
DA:21,17
DA:22,17
DA:25,17
DA:26,17
DA:27,17
DA:29,17
DA:30,17
DA:31,17
DA:32,17
DA:34,17
DA:35,17
DA:36,17
DA:38,17
DA:39,17
DA:40,17
DA:41,17
DA:43,17
LF:32
LH:32
BRDA:4,0,0,17
BRDA:14,1,0,1
BRDA:31,2,0,1
BRDA:35,3,0,1
BRF:4
BRH:4
end_of_record
